2025-03-12 09:28:15,401 - __main__ - INFO - Starting Adaptive Global LCA Advisor data extraction and processing
2025-03-12 09:28:15,401 - __main__ - INFO - Starting extraction process for all datasets
2025-03-12 09:28:15,401 - __main__ - INFO - Found 6 extractor modules: ipcc_extractor, useeio_extractor, ipcc_ar6_extractor, climate_trace_extractor, agribalyse_extractor, exiobase_extractor
2025-03-12 09:28:15,401 - __main__ - INFO - Running extractor: ipcc_extractor
2025-03-12 09:28:15,530 - utils - INFO - [IPCC] Getting report links
2025-03-12 09:28:17,154 - extractors.ipcc_extractor - WARNING - No report links found, using predefined multipliers only
2025-03-12 09:28:17,154 - utils - INFO - [IPCC] Extracting predefined multipliers
2025-03-12 09:28:17,155 - utils - INFO - [IPCC] Combining multipliers
2025-03-12 09:28:17,157 - utils - INFO - [IPCC] Cleaning dataset
2025-03-12 09:28:17,160 - utils - INFO - Saved DataFrame with 10 rows to data/processed/ipcc_ar6_multipliers.csv
2025-03-12 09:28:17,162 - utils - INFO - Created checksum c2c462845ee58b76315beedbd313697a for data/processed/ipcc_ar6_multipliers.csv
2025-03-12 09:28:17,162 - extractors.ipcc_extractor - INFO - Cleaned dataset has 10 rows
2025-03-12 09:28:17,162 - extractors.ipcc_extractor - INFO - IPCC AR6 extraction and cleaning completed: data/processed/ipcc_ar6_multipliers.csv
2025-03-12 09:28:17,162 - __main__ - INFO - Completed ipcc_extractor in 1.76 seconds
2025-03-12 09:28:17,162 - __main__ - INFO - Running extractor: useeio_extractor
2025-03-12 09:28:17,228 - utils - INFO - [USEEIO] Cloning repository
2025-03-12 09:28:17,228 - extractors.useeio_extractor - INFO - USEEIO repository already exists at data/raw/useeio
2025-03-12 09:28:17,564 - extractors.useeio_extractor - INFO - Pulled latest changes from repository
2025-03-12 09:28:17,564 - utils - INFO - [USEEIO] Finding relevant files
2025-03-12 09:28:17,564 - extractors.useeio_extractor - INFO - Found alternative relevant file: data/raw/useeio/import_emission_factors/output/US_detail_import_factors_exiobase_2019_17sch.csv
2025-03-12 09:28:17,564 - extractors.useeio_extractor - INFO - Found alternative relevant file: data/raw/useeio/import_emission_factors/output/US_summary_import_factors_exiobase_2019_17sch.csv
2025-03-12 09:28:17,564 - extractors.useeio_extractor - INFO - Found alternative relevant file: data/raw/useeio/import_emission_factors/output/Regional_summary_import_factors_exiobase_2019_17sch.csv
2025-03-12 09:28:17,564 - extractors.useeio_extractor - INFO - Found alternative relevant file: data/raw/useeio/import_emission_factors/output/Regional_detail_import_factors_exiobase_2019_17sch.csv
2025-03-12 09:28:17,567 - utils - INFO - [USEEIO] Reading and merging files
2025-03-12 09:28:17,577 - extractors.useeio_extractor - INFO - Read file data/raw/useeio/import_emission_factors/output/US_detail_import_factors_exiobase_2019_17sch.csv with 1490 rows
2025-03-12 09:28:17,580 - extractors.useeio_extractor - INFO - Read file data/raw/useeio/import_emission_factors/output/US_summary_import_factors_exiobase_2019_17sch.csv with 220 rows
2025-03-12 09:28:17,587 - extractors.useeio_extractor - INFO - Read file data/raw/useeio/import_emission_factors/output/Regional_summary_import_factors_exiobase_2019_17sch.csv with 1515 rows
2025-03-12 09:28:17,609 - extractors.useeio_extractor - INFO - Read file data/raw/useeio/import_emission_factors/output/Regional_detail_import_factors_exiobase_2019_17sch.csv with 10405 rows
2025-03-12 09:28:17,640 - utils - INFO - [USEEIO] Converting to standard format
2025-03-12 09:28:17,640 - extractors.useeio_extractor - WARNING - Could not identify all required columns, using placeholders
2025-03-12 09:28:17,643 - utils - INFO - [USEEIO] Cleaning dataset
2025-03-12 09:28:17,651 - extractors.useeio_extractor - INFO - Detected 0 outliers in emission factor values
2025-03-12 09:28:17,653 - utils - INFO - Saved DataFrame with 342 rows to data/processed/useeio_v2.1_clean.csv
2025-03-12 09:28:17,656 - utils - INFO - Created checksum b062e3728ec81dde33b0cea27eef8115 for data/processed/useeio_v2.1_clean.csv
2025-03-12 09:28:17,656 - extractors.useeio_extractor - INFO - Cleaned dataset has 342 rows
2025-03-12 09:28:17,656 - extractors.useeio_extractor - INFO - USEEIO extraction and cleaning completed: data/processed/useeio_v2.1_clean.csv
2025-03-12 09:28:17,657 - __main__ - INFO - Completed useeio_extractor in 0.50 seconds
2025-03-12 09:28:17,657 - __main__ - INFO - Running extractor: ipcc_ar6_extractor
2025-03-12 09:28:17,658 - utils - INFO - [IPCC_AR6] Downloading data
2025-03-12 09:28:17,658 - extractors.ipcc_ar6_extractor - INFO - Using existing IPCC AR6 data from data/raw/ipcc_ar6_raw.json
2025-03-12 09:28:17,658 - utils - INFO - [IPCC_AR6] Processing data
2025-03-12 09:28:17,659 - extractors.ipcc_ar6_extractor - INFO - Processed 78 IPCC AR6 multipliers
2025-03-12 09:28:17,659 - utils - INFO - [IPCC_AR6] Converting to standard format
2025-03-12 09:28:17,660 - utils - INFO - [IPCC_AR6] Cleaning dataset
2025-03-12 09:28:17,661 - extractors.ipcc_ar6_extractor - INFO - Detected 0 outliers in multiplier values
2025-03-12 09:28:17,662 - utils - INFO - Saved DataFrame with 78 rows to data/processed/ipcc_ar6_clean.csv
2025-03-12 09:28:17,665 - utils - INFO - Created checksum 0721184fe8bed5144568883a30a38be2 for data/processed/ipcc_ar6_clean.csv
2025-03-12 09:28:17,665 - extractors.ipcc_ar6_extractor - INFO - Cleaned dataset has 78 rows
2025-03-12 09:28:17,665 - extractors.ipcc_ar6_extractor - INFO - IPCC AR6 extraction and cleaning completed: data/processed/ipcc_ar6_clean.csv
2025-03-12 09:28:17,665 - __main__ - INFO - Completed ipcc_ar6_extractor in 0.01 seconds
2025-03-12 09:28:17,665 - __main__ - INFO - Running extractor: climate_trace_extractor
2025-03-12 09:28:17,665 - utils - INFO - [CLIMATE_TRACE] Fetching all data
2025-03-12 09:28:17,666 - extractors.climate_trace_extractor - INFO - Using existing Climate TRACE data from data/raw/climate_trace_latest.json
2025-03-12 09:28:17,666 - utils - INFO - [CLIMATE_TRACE] Processing emissions data
2025-03-12 09:28:17,667 - extractors.climate_trace_extractor - INFO - Processed 50 emission records from Climate TRACE
2025-03-12 09:28:17,667 - utils - INFO - [CLIMATE_TRACE] Converting to EF format
2025-03-12 09:28:17,670 - utils - INFO - [CLIMATE_TRACE] Cleaning dataset
2025-03-12 09:28:17,670 - extractors.climate_trace_extractor - INFO - Detected 0 outliers in emission factor values
2025-03-12 09:28:17,672 - utils - INFO - Saved DataFrame with 50 rows to data/processed/climate_trace_clean.csv
2025-03-12 09:28:17,673 - utils - INFO - Created checksum c3832956bd0ca78631b66f3a085b3dc9 for data/processed/climate_trace_clean.csv
2025-03-12 09:28:17,673 - extractors.climate_trace_extractor - INFO - Cleaned dataset has 50 rows
2025-03-12 09:28:17,673 - extractors.climate_trace_extractor - INFO - Climate TRACE extraction and cleaning completed: data/processed/climate_trace_clean.csv
2025-03-12 09:28:17,674 - __main__ - INFO - Completed climate_trace_extractor in 0.01 seconds
2025-03-12 09:28:17,674 - __main__ - INFO - Running extractor: agribalyse_extractor
2025-03-12 09:28:17,674 - utils - INFO - [AGRIBALYSE] Downloading dataset
2025-03-12 09:28:17,674 - extractors.agribalyse_extractor - INFO - Agribalyse dataset already exists at data/raw/agribalyse_3.1_raw.csv
2025-03-12 09:28:17,674 - utils - INFO - [AGRIBALYSE] Validating dataset
2025-03-12 09:28:17,675 - extractors.agribalyse_extractor - INFO - Successfully read file with encoding: utf-8
2025-03-12 09:28:17,675 - extractors.agribalyse_extractor - INFO - Found columns: LCI_Name, ProductName, PEF_categoria, Climate_change_-_total, Unit, DQR
2025-03-12 09:28:17,675 - extractors.agribalyse_extractor - INFO - Agribalyse dataset validation successful
2025-03-12 09:28:17,675 - utils - INFO - [AGRIBALYSE] Cleaning dataset
2025-03-12 09:28:17,675 - extractors.agribalyse_extractor - INFO - Successfully read file with encoding: utf-8
2025-03-12 09:28:17,676 - extractors.agribalyse_extractor - INFO - Raw dataset has 20 rows and 6 columns
2025-03-12 09:28:17,676 - extractors.agribalyse_extractor - INFO - Columns: LCI_Name, ProductName, PEF_categoria, Climate_change_-_total, Unit, DQR
2025-03-12 09:28:17,676 - extractors.agribalyse_extractor - INFO - Using column 'LCI_Name' as product name
2025-03-12 09:28:17,676 - extractors.agribalyse_extractor - INFO - Using column 'LCI_Name' as product ID
2025-03-12 09:28:17,676 - extractors.agribalyse_extractor - INFO - Using column 'PEF_categoria' as product category
2025-03-12 09:28:17,676 - extractors.agribalyse_extractor - INFO - Using column 'DQR' as data quality
2025-03-12 09:28:17,676 - extractors.agribalyse_extractor - INFO - Using column 'Unit' as unit
2025-03-12 09:28:17,676 - extractors.agribalyse_extractor - INFO - Using column 'Climate_change_-_total' as emission factor
2025-03-12 09:28:17,678 - extractors.agribalyse_extractor - INFO - Detected 0 outliers in emission factor values
2025-03-12 09:28:17,678 - utils - INFO - Saved DataFrame with 20 rows to data/processed/agribalyse_3.1_clean.csv
2025-03-12 09:28:17,680 - utils - INFO - Created checksum 869f5b3d3de56549d3204b52d904fdf6 for data/processed/agribalyse_3.1_clean.csv
2025-03-12 09:28:17,680 - extractors.agribalyse_extractor - INFO - Cleaned dataset has 20 rows
2025-03-12 09:28:17,680 - extractors.agribalyse_extractor - INFO - Agribalyse extraction and cleaning completed: data/processed/agribalyse_3.1_clean.csv
2025-03-12 09:28:17,680 - __main__ - INFO - Completed agribalyse_extractor in 0.01 seconds
2025-03-12 09:28:17,680 - __main__ - INFO - Running extractor: exiobase_extractor
2025-03-12 09:28:17,680 - utils - INFO - [EXIOBASE] Downloading dataset
2025-03-12 09:28:17,680 - extractors.exiobase_extractor - INFO - Attempting to download from: https://zenodo.org/records/5589597/files/EXIOBASE_3_8_2_2022_env.zip
2025-03-12 09:28:18,125 - extractors.exiobase_extractor - WARNING - Failed to download EXIOBASE: URL returned HTML or invalid response
2025-03-12 09:28:18,125 - utils - INFO - [EXIOBASE] Creating simulated dataset
2025-03-12 09:28:18,129 - extractors.exiobase_extractor - INFO - Created simulated EXIOBASE dataset with 1029 entries
2025-03-12 09:28:18,130 - utils - INFO - [EXIOBASE] Extracting files
2025-03-12 09:28:18,130 - extractors.exiobase_extractor - INFO - EXIOBASE files already extracted to data/raw/exiobase_3.8
2025-03-12 09:28:18,130 - utils - INFO - [EXIOBASE] Finding emission tables
2025-03-12 09:28:18,130 - extractors.exiobase_extractor - INFO - Found emission table: data/raw/exiobase_3.8/emissions_by_country_product.csv
2025-03-12 09:28:18,130 - utils - INFO - [EXIOBASE] Parsing emission tables
2025-03-12 09:28:18,135 - extractors.exiobase_extractor - INFO - Parsed table data/raw/exiobase_3.8/emissions_by_country_product.csv with 1029 rows
2025-03-12 09:28:18,138 - utils - INFO - [EXIOBASE] Extracting emission factors
2025-03-12 09:28:18,138 - extractors.exiobase_extractor - INFO - Using column 'CO2_Emissions' for emission factors
2025-03-12 09:28:18,139 - utils - INFO - [EXIOBASE] Standardizing country codes
2025-03-12 09:28:18,140 - utils - INFO - [EXIOBASE] Cleaning dataset
2025-03-12 09:28:18,142 - extractors.exiobase_extractor - INFO - Detected 20 outliers in emission factor values
2025-03-12 09:28:18,145 - utils - INFO - Saved DataFrame with 1029 rows to data/processed/exiobase_3.8_clean.csv
2025-03-12 09:28:18,151 - utils - INFO - Created checksum fdd537221427146d0914ba7a867de677 for data/processed/exiobase_3.8_clean.csv
2025-03-12 09:28:18,151 - extractors.exiobase_extractor - INFO - Cleaned dataset has 1029 rows
2025-03-12 09:28:18,151 - extractors.exiobase_extractor - INFO - EXIOBASE extraction and cleaning completed: data/processed/exiobase_3.8_clean.csv
2025-03-12 09:28:18,152 - __main__ - INFO - Completed exiobase_extractor in 0.47 seconds
2025-03-12 09:28:18,152 - __main__ - INFO - Successfully extracted and cleaned 6 datasets
2025-03-12 09:28:18,152 - __main__ - INFO - Starting harmonization process
2025-03-12 09:28:18,153 - utils - INFO - [HARMONIZATION] Loading datasets
2025-03-12 09:28:18,154 - harmonization.harmonizer - INFO - Loaded ipcc dataset with 10 rows
2025-03-12 09:28:18,154 - harmonization.harmonizer - INFO - Loaded useeio dataset with 342 rows
2025-03-12 09:28:18,156 - harmonization.harmonizer - INFO - Loaded ipcc_ar6 dataset with 78 rows
2025-03-12 09:28:18,157 - harmonization.harmonizer - INFO - Loaded climate_trace dataset with 50 rows
2025-03-12 09:28:18,159 - harmonization.harmonizer - INFO - Loaded agribalyse dataset with 20 rows
2025-03-12 09:28:18,162 - harmonization.harmonizer - INFO - Loaded exiobase dataset with 1029 rows
2025-03-12 09:28:18,162 - utils - INFO - [HARMONIZATION] Creating entity crosswalk
2025-03-12 09:28:18,184 - harmonization.harmonizer - INFO - Created entity crosswalk with 1349 matches
2025-03-12 09:28:18,185 - utils - INFO - [HARMONIZATION] Standardizing units
2025-03-12 09:28:18,185 - harmonization.harmonizer - INFO - Converting 342 values from kg CO2e to kg CO2e in useeio
2025-03-12 09:28:18,186 - harmonization.harmonizer - INFO - Converting 342 values from g CO2e to kg CO2e in useeio
2025-03-12 09:28:18,188 - harmonization.harmonizer - INFO - Keeping 78 ratio values as-is in ipcc_ar6
2025-03-12 09:28:18,188 - harmonization.harmonizer - INFO - Converting 50 values from kg CO2e to kg CO2e in climate_trace
2025-03-12 09:28:18,189 - harmonization.harmonizer - INFO - Converting 50 values from g CO2e to kg CO2e in climate_trace
2025-03-12 09:28:18,189 - harmonization.harmonizer - INFO - Converting 20 values from kg CO2e to kg CO2e in agribalyse
2025-03-12 09:28:18,189 - harmonization.harmonizer - INFO - Converting 20 values from g CO2e to kg CO2e in agribalyse
2025-03-12 09:28:18,190 - harmonization.harmonizer - INFO - Converting 1029 values from kg CO2e to kg CO2e in exiobase
2025-03-12 09:28:18,191 - harmonization.harmonizer - INFO - Converting 1029 values from g CO2e to kg CO2e in exiobase
2025-03-12 09:28:18,192 - utils - INFO - [HARMONIZATION] Applying regional multipliers
2025-03-12 09:28:18,193 - harmonization.harmonizer - INFO - Applied regional multipliers to 0 records in ipcc
2025-03-12 09:28:18,198 - harmonization.harmonizer - INFO - Applied regional multipliers to 0 records in useeio
2025-03-12 09:28:18,199 - harmonization.harmonizer - INFO - Applied regional multipliers to 0 records in climate_trace
2025-03-12 09:28:18,200 - harmonization.harmonizer - INFO - Applied regional multipliers to 0 records in agribalyse
2025-03-12 09:28:18,214 - harmonization.harmonizer - INFO - Applied regional multipliers to 0 records in exiobase
2025-03-12 09:28:18,214 - utils - INFO - [HARMONIZATION] Merging datasets
2025-03-12 09:28:18,218 - harmonization.harmonizer - INFO - Merged 6 datasets into a single dataset with 1529 records
2025-03-12 09:28:18,218 - utils - INFO - [HARMONIZATION] Generating metadata
2025-03-12 09:28:18,253 - utils - INFO - Saved DataFrame with 1529 rows to data/processed/harmonized_global_ef_dataset.csv
2025-03-12 09:28:18,257 - utils - INFO - Created checksum 280b56350a13c4c85f84f374ccb5ab77 for data/processed/harmonized_global_ef_dataset.csv
2025-03-12 09:28:18,257 - harmonization.harmonizer - INFO - Harmonized dataset saved to data/processed/harmonized_global_ef_dataset.csv
2025-03-12 09:28:18,257 - harmonization.harmonizer - INFO - Metadata saved to data/processed/harmonized_global_ef_dataset_metadata.json
2025-03-12 09:28:18,258 - __main__ - INFO - Harmonization completed: data/processed/harmonized_global_ef_dataset.csv
2025-03-12 09:28:18,258 - __main__ - INFO - Generating summary report
2025-03-12 09:28:18,261 - __main__ - INFO - Summary report generated: data/processed/harmonized_dataset_summary.txt
2025-03-12 09:28:18,261 - __main__ - INFO - Data extraction and processing completed successfully
2025-03-12 09:28:18,261 - __main__ - INFO - Harmonized dataset: data/processed/harmonized_global_ef_dataset.csv
2025-03-12 09:28:18,261 - __main__ - INFO - Summary report: data/processed/harmonized_dataset_summary.txt
