2025-03-13 14:39:27,331 - __main__ - INFO - Starting Adaptive Global LCA Advisor data extraction and processing
2025-03-13 14:39:27,331 - __main__ - INFO - Starting extraction process for all datasets
2025-03-13 14:39:27,331 - __main__ - INFO - Found 9 extractor modules: ipcc_efdb_extractor, ipcc_extractor, useeio_extractor, ipcc_ar6_extractor, climate_trace_extractor, agribalyse_extractor, greet_extractor, openlca_extractor, exiobase_extractor
2025-03-13 14:39:27,331 - __main__ - INFO - Running extractor: ipcc_efdb_extractor
2025-03-13 14:39:27,644 - utils - INFO - [IPCC_EFDB] Fetching emission factors
2025-03-13 14:39:29,266 - extractors.ipcc_efdb_extractor - INFO - Successfully accessed IPCC EFDB website
2025-03-13 14:39:29,266 - extractors.ipcc_efdb_extractor - WARNING - Real data extraction would require permission and proper scraping techniques
2025-03-13 14:39:29,266 - extractors.ipcc_efdb_extractor - INFO - Using simulated data for demonstration
2025-03-13 14:39:29,266 - extractors.ipcc_efdb_extractor - INFO - Using simulated data for IPCC EFDB
2025-03-13 14:39:29,267 - utils - INFO - [IPCC_EFDB] Creating simulated dataset
2025-03-13 14:39:29,280 - extractors.ipcc_efdb_extractor - INFO - Created simulated IPCC EFDB dataset with 190 records
2025-03-13 14:39:29,280 - utils - INFO - [IPCC_EFDB] Preprocessing data
2025-03-13 14:39:29,283 - extractors.ipcc_efdb_extractor - INFO - Preprocessed data with 190 records
2025-03-13 14:39:29,283 - utils - INFO - [IPCC_EFDB] Converting to standard format
2025-03-13 14:39:29,288 - extractors.ipcc_efdb_extractor - INFO - Converted to standard format with 190 records
2025-03-13 14:39:29,288 - utils - INFO - [IPCC_EFDB] Cleaning dataset
2025-03-13 14:39:29,289 - extractors.ipcc_efdb_extractor - INFO - Detected 3 outliers in emission factor values
2025-03-13 14:39:29,293 - utils - INFO - Saved DataFrame with 190 rows to data/processed/ipcc_efdb_clean.csv
2025-03-13 14:39:29,296 - utils - INFO - Created checksum aacc128ce3d3d6856b37d37174c77415 for data/processed/ipcc_efdb_clean.csv
2025-03-13 14:39:29,296 - extractors.ipcc_efdb_extractor - INFO - Cleaned dataset has 190 rows
2025-03-13 14:39:29,296 - extractors.ipcc_efdb_extractor - INFO - IPCC EFDB extraction and cleaning completed: data/processed/ipcc_efdb_clean.csv
2025-03-13 14:39:29,296 - __main__ - INFO - Completed ipcc_efdb_extractor in 1.97 seconds
2025-03-13 14:39:29,296 - __main__ - INFO - Running extractor: ipcc_extractor
2025-03-13 14:39:29,297 - utils - INFO - [IPCC] Getting report links
2025-03-13 14:39:30,563 - extractors.ipcc_extractor - WARNING - No report links found, using predefined multipliers only
2025-03-13 14:39:30,564 - utils - INFO - [IPCC] Extracting predefined multipliers
2025-03-13 14:39:30,564 - utils - INFO - [IPCC] Combining multipliers
2025-03-13 14:39:30,565 - utils - INFO - [IPCC] Cleaning dataset
2025-03-13 14:39:30,567 - utils - INFO - Saved DataFrame with 10 rows to data/processed/ipcc_ar6_multipliers.csv
2025-03-13 14:39:30,569 - utils - INFO - Created checksum 69ed04065a4374716b749a7f24fd95a5 for data/processed/ipcc_ar6_multipliers.csv
2025-03-13 14:39:30,569 - extractors.ipcc_extractor - INFO - Cleaned dataset has 10 rows
2025-03-13 14:39:30,569 - extractors.ipcc_extractor - INFO - IPCC AR6 extraction and cleaning completed: data/processed/ipcc_ar6_multipliers.csv
2025-03-13 14:39:30,569 - __main__ - INFO - Completed ipcc_extractor in 1.27 seconds
2025-03-13 14:39:30,569 - __main__ - INFO - Running extractor: useeio_extractor
2025-03-13 14:39:30,608 - utils - INFO - [USEEIO] Cloning repository
2025-03-13 14:39:30,608 - extractors.useeio_extractor - INFO - USEEIO repository already exists at data/raw/useeio
2025-03-13 14:39:30,814 - extractors.useeio_extractor - INFO - Pulled latest changes from repository
2025-03-13 14:39:30,814 - utils - INFO - [USEEIO] Finding relevant files
2025-03-13 14:39:30,815 - extractors.useeio_extractor - INFO - Found alternative relevant file: data/raw/useeio/import_emission_factors/output/US_detail_import_factors_exiobase_2019_17sch.csv
2025-03-13 14:39:30,815 - extractors.useeio_extractor - INFO - Found alternative relevant file: data/raw/useeio/import_emission_factors/output/US_summary_import_factors_exiobase_2019_17sch.csv
2025-03-13 14:39:30,815 - extractors.useeio_extractor - INFO - Found alternative relevant file: data/raw/useeio/import_emission_factors/output/Regional_summary_import_factors_exiobase_2019_17sch.csv
2025-03-13 14:39:30,815 - extractors.useeio_extractor - INFO - Found alternative relevant file: data/raw/useeio/import_emission_factors/output/Regional_detail_import_factors_exiobase_2019_17sch.csv
2025-03-13 14:39:30,817 - utils - INFO - [USEEIO] Reading and merging files
2025-03-13 14:39:30,820 - extractors.useeio_extractor - INFO - Read file data/raw/useeio/import_emission_factors/output/US_detail_import_factors_exiobase_2019_17sch.csv with 1490 rows
2025-03-13 14:39:30,821 - extractors.useeio_extractor - INFO - Read file data/raw/useeio/import_emission_factors/output/US_summary_import_factors_exiobase_2019_17sch.csv with 220 rows
2025-03-13 14:39:30,822 - extractors.useeio_extractor - INFO - Read file data/raw/useeio/import_emission_factors/output/Regional_summary_import_factors_exiobase_2019_17sch.csv with 1515 rows
2025-03-13 14:39:30,830 - extractors.useeio_extractor - INFO - Read file data/raw/useeio/import_emission_factors/output/Regional_detail_import_factors_exiobase_2019_17sch.csv with 10405 rows
2025-03-13 14:39:30,859 - utils - INFO - [USEEIO] Converting to standard format
2025-03-13 14:39:30,859 - extractors.useeio_extractor - INFO - Detected import factor files with standardized structure
2025-03-13 14:39:30,909 - utils - INFO - [USEEIO] Cleaning dataset
2025-03-13 14:39:30,923 - extractors.useeio_extractor - INFO - Detected 24 outliers in emission factor values
2025-03-13 14:39:31,060 - utils - INFO - Saved DataFrame with 13560 rows to data/processed/useeio_v2.1_clean.csv
2025-03-13 14:39:31,078 - utils - INFO - Created checksum 21137df6d2821da6c90f01234d9e1ee9 for data/processed/useeio_v2.1_clean.csv
2025-03-13 14:39:31,078 - extractors.useeio_extractor - INFO - Cleaned dataset has 13560 rows
2025-03-13 14:39:31,078 - extractors.useeio_extractor - INFO - USEEIO extraction and cleaning completed: data/processed/useeio_v2.1_clean.csv
2025-03-13 14:39:31,079 - __main__ - INFO - Completed useeio_extractor in 0.51 seconds
2025-03-13 14:39:31,079 - __main__ - INFO - Running extractor: ipcc_ar6_extractor
2025-03-13 14:39:31,080 - utils - INFO - [IPCC_AR6] Downloading data
2025-03-13 14:39:31,080 - extractors.ipcc_ar6_extractor - INFO - Using existing IPCC AR6 data from data/raw/ipcc_ar6_raw.json
2025-03-13 14:39:31,080 - utils - INFO - [IPCC_AR6] Processing data
2025-03-13 14:39:31,081 - extractors.ipcc_ar6_extractor - INFO - Processed 78 IPCC AR6 multipliers
2025-03-13 14:39:31,081 - utils - INFO - [IPCC_AR6] Converting to standard format
2025-03-13 14:39:31,082 - utils - INFO - [IPCC_AR6] Cleaning dataset
2025-03-13 14:39:31,083 - extractors.ipcc_ar6_extractor - INFO - Detected 0 outliers in multiplier values
2025-03-13 14:39:31,085 - utils - INFO - Saved DataFrame with 78 rows to data/processed/ipcc_ar6_clean.csv
2025-03-13 14:39:31,087 - utils - INFO - Created checksum 55584e38aabc3f0c6cc6eb17414d1a5c for data/processed/ipcc_ar6_clean.csv
2025-03-13 14:39:31,087 - extractors.ipcc_ar6_extractor - INFO - Cleaned dataset has 78 rows
2025-03-13 14:39:31,087 - extractors.ipcc_ar6_extractor - INFO - IPCC AR6 extraction and cleaning completed: data/processed/ipcc_ar6_clean.csv
2025-03-13 14:39:31,087 - __main__ - INFO - Completed ipcc_ar6_extractor in 0.01 seconds
2025-03-13 14:39:31,087 - __main__ - INFO - Running extractor: climate_trace_extractor
2025-03-13 14:39:31,088 - utils - INFO - [CLIMATE_TRACE] Fetching all data
2025-03-13 14:39:31,088 - extractors.climate_trace_extractor - INFO - Using existing Climate TRACE data from data/raw/climate_trace_latest.json
2025-03-13 14:39:31,088 - utils - INFO - [CLIMATE_TRACE] Processing emissions data
2025-03-13 14:39:31,088 - extractors.climate_trace_extractor - INFO - Processed 50 emission records from Climate TRACE
2025-03-13 14:39:31,089 - utils - INFO - [CLIMATE_TRACE] Converting to EF format
2025-03-13 14:39:31,091 - utils - INFO - [CLIMATE_TRACE] Cleaning dataset
2025-03-13 14:39:31,091 - extractors.climate_trace_extractor - INFO - Detected 0 outliers in emission factor values
2025-03-13 14:39:31,092 - utils - INFO - Saved DataFrame with 50 rows to data/processed/climate_trace_clean.csv
2025-03-13 14:39:31,094 - utils - INFO - Created checksum 93b1bbd7832aa53365aabb445576a6b5 for data/processed/climate_trace_clean.csv
2025-03-13 14:39:31,094 - extractors.climate_trace_extractor - INFO - Cleaned dataset has 50 rows
2025-03-13 14:39:31,094 - extractors.climate_trace_extractor - INFO - Climate TRACE extraction and cleaning completed: data/processed/climate_trace_clean.csv
2025-03-13 14:39:31,094 - __main__ - INFO - Completed climate_trace_extractor in 0.01 seconds
2025-03-13 14:39:31,095 - __main__ - INFO - Running extractor: agribalyse_extractor
2025-03-13 14:39:31,095 - utils - INFO - [AGRIBALYSE] Downloading dataset
2025-03-13 14:39:31,095 - extractors.agribalyse_extractor - INFO - Agribalyse dataset already exists at /Users/surendra/Desktop/Carbon EF/data/raw/agribalyse_3.1_raw.csv
2025-03-13 14:39:31,095 - utils - INFO - [AGRIBALYSE] Validating dataset
2025-03-13 14:39:31,096 - extractors.agribalyse_extractor - INFO - Successfully read file with encoding: utf-8
2025-03-13 14:39:31,096 - extractors.agribalyse_extractor - INFO - Found columns: LCI_Name, ProductName, PEF_categoria, Climate_change_-_total, Unit, DQR
2025-03-13 14:39:31,096 - extractors.agribalyse_extractor - INFO - Agribalyse dataset validation successful
2025-03-13 14:39:31,096 - utils - INFO - [AGRIBALYSE] Cleaning dataset
2025-03-13 14:39:31,098 - extractors.agribalyse_extractor - INFO - Successfully read file with encoding: utf-8
2025-03-13 14:39:31,098 - extractors.agribalyse_extractor - INFO - Raw dataset has 2792 rows and 6 columns
2025-03-13 14:39:31,098 - extractors.agribalyse_extractor - INFO - Columns: LCI_Name, ProductName, PEF_categoria, Climate_change_-_total, Unit, DQR
2025-03-13 14:39:31,102 - extractors.agribalyse_extractor - INFO - Using column 'LCI_Name' as product name
2025-03-13 14:39:31,102 - extractors.agribalyse_extractor - INFO - Using column 'LCI_Name' as product ID
2025-03-13 14:39:31,102 - extractors.agribalyse_extractor - INFO - Using column 'PEF_categoria' as product category
2025-03-13 14:39:31,102 - extractors.agribalyse_extractor - INFO - Using column 'DQR' as data quality
2025-03-13 14:39:31,102 - extractors.agribalyse_extractor - INFO - Using column 'Unit' as unit
2025-03-13 14:39:31,102 - extractors.agribalyse_extractor - INFO - Using column 'Climate_change_-_total' as emission factor
2025-03-13 14:39:31,106 - extractors.agribalyse_extractor - INFO - Detected 21 outliers in emission factor values
2025-03-13 14:39:31,112 - utils - INFO - Saved DataFrame with 2792 rows to /Users/surendra/Desktop/Carbon EF/data/processed/agribalyse_3.1_clean.csv
2025-03-13 14:39:31,124 - utils - INFO - Created checksum 2b73b073762b66d7cb2412930ea39fc8 for /Users/surendra/Desktop/Carbon EF/data/processed/agribalyse_3.1_clean.csv
2025-03-13 14:39:31,124 - extractors.agribalyse_extractor - INFO - Cleaned dataset has 2792 rows
2025-03-13 14:39:31,124 - extractors.agribalyse_extractor - INFO - Agribalyse extraction and cleaning completed: /Users/surendra/Desktop/Carbon EF/data/processed/agribalyse_3.1_clean.csv
2025-03-13 14:39:31,124 - __main__ - INFO - Completed agribalyse_extractor in 0.03 seconds
2025-03-13 14:39:31,124 - __main__ - INFO - Running extractor: greet_extractor
2025-03-13 14:39:31,125 - utils - INFO - [GREET] Attempting to download GREET data
2025-03-13 14:39:31,492 - extractors.greet_extractor - ERROR - Error accessing GREET website: 500 Server Error: Internal Server Error for url: https://greet.anl.gov/
2025-03-13 14:39:31,492 - extractors.greet_extractor - INFO - Falling back to simulated data
2025-03-13 14:39:31,493 - extractors.greet_extractor - INFO - Using simulated data for GREET model
2025-03-13 14:39:31,493 - utils - INFO - [GREET] Creating simulated dataset
2025-03-13 14:39:31,498 - extractors.greet_extractor - INFO - Created simulated GREET dataset with 233 records
2025-03-13 14:39:31,498 - utils - INFO - [GREET] Preprocessing data
2025-03-13 14:39:31,502 - extractors.greet_extractor - INFO - Preprocessed data with 233 records
2025-03-13 14:39:31,503 - utils - INFO - [GREET] Converting to standard format
2025-03-13 14:39:31,529 - extractors.greet_extractor - INFO - Converted to standard format with 233 records
2025-03-13 14:39:31,529 - utils - INFO - [GREET] Cleaning dataset
2025-03-13 14:39:31,530 - extractors.greet_extractor - INFO - Detected 4 outliers in emission factor values
2025-03-13 14:39:31,534 - utils - INFO - Saved DataFrame with 233 rows to data/processed/greet_clean.csv
2025-03-13 14:39:31,542 - utils - INFO - Created checksum 360b80910260e8e476c821991728965f for data/processed/greet_clean.csv
2025-03-13 14:39:31,542 - extractors.greet_extractor - INFO - Cleaned dataset has 233 rows
2025-03-13 14:39:31,542 - extractors.greet_extractor - INFO - GREET model extraction and cleaning completed: data/processed/greet_clean.csv
2025-03-13 14:39:31,542 - __main__ - INFO - Completed greet_extractor in 0.42 seconds
2025-03-13 14:39:31,542 - __main__ - INFO - Running extractor: openlca_extractor
2025-03-13 14:39:31,543 - utils - INFO - [OPENLCA] Getting database links
2025-03-13 14:39:32,317 - extractors.openlca_extractor - WARNING - No database links found on OpenLCA Nexus website
2025-03-13 14:39:32,318 - extractors.openlca_extractor - WARNING - No real data obtained, using simulated data
2025-03-13 14:39:32,318 - utils - INFO - [OPENLCA] Creating simulated dataset
2025-03-13 14:39:32,327 - extractors.openlca_extractor - INFO - Created simulated dataset with 960 records
2025-03-13 14:39:32,328 - utils - INFO - [OPENLCA] Converting to standard format
2025-03-13 14:39:32,339 - extractors.openlca_extractor - INFO - Converted to standard format with 960 records
2025-03-13 14:39:32,339 - utils - INFO - [OPENLCA] Cleaning dataset
2025-03-13 14:39:32,341 - extractors.openlca_extractor - INFO - Detected 30 outliers in emission factor values
2025-03-13 14:39:32,354 - utils - INFO - Saved DataFrame with 960 rows to data/processed/openlca_clean.csv
2025-03-13 14:39:32,368 - utils - INFO - Created checksum ffcf112ffe0fcff7baa6720894f374a2 for data/processed/openlca_clean.csv
2025-03-13 14:39:32,368 - extractors.openlca_extractor - INFO - Cleaned dataset has 960 rows
2025-03-13 14:39:32,368 - extractors.openlca_extractor - INFO - OpenLCA extraction and cleaning completed: data/processed/openlca_clean.csv
2025-03-13 14:39:32,369 - __main__ - INFO - Completed openlca_extractor in 0.83 seconds
2025-03-13 14:39:32,369 - __main__ - INFO - Running extractor: exiobase_extractor
2025-03-13 14:39:32,369 - utils - INFO - [EXIOBASE] Downloading dataset
2025-03-13 14:39:32,369 - extractors.exiobase_extractor - INFO - Attempting to download from: https://zenodo.org/records/5589597/files/EXIOBASE_3_8_2_2022_env.zip
2025-03-13 14:39:32,865 - extractors.exiobase_extractor - WARNING - Failed to download EXIOBASE: URL returned HTML or invalid response
2025-03-13 14:39:32,865 - utils - INFO - [EXIOBASE] Creating simulated dataset
2025-03-13 14:39:32,875 - extractors.exiobase_extractor - INFO - Created simulated EXIOBASE dataset with 1029 entries
2025-03-13 14:39:32,875 - utils - INFO - [EXIOBASE] Extracting files
2025-03-13 14:39:32,875 - extractors.exiobase_extractor - INFO - EXIOBASE files already extracted to data/raw/exiobase_3.8
2025-03-13 14:39:32,875 - utils - INFO - [EXIOBASE] Finding emission tables
2025-03-13 14:39:32,876 - extractors.exiobase_extractor - INFO - Found emission table: data/raw/exiobase_3.8/emissions_by_country_product.csv
2025-03-13 14:39:32,876 - utils - INFO - [EXIOBASE] Parsing emission tables
2025-03-13 14:39:32,882 - extractors.exiobase_extractor - INFO - Parsed table data/raw/exiobase_3.8/emissions_by_country_product.csv with 1029 rows
2025-03-13 14:39:32,886 - utils - INFO - [EXIOBASE] Extracting emission factors
2025-03-13 14:39:32,886 - extractors.exiobase_extractor - INFO - Using column 'CO2_Emissions' for emission factors
2025-03-13 14:39:32,888 - utils - INFO - [EXIOBASE] Standardizing country codes
2025-03-13 14:39:32,890 - utils - INFO - [EXIOBASE] Cleaning dataset
2025-03-13 14:39:32,893 - extractors.exiobase_extractor - INFO - Detected 20 outliers in emission factor values
2025-03-13 14:39:32,897 - utils - INFO - Saved DataFrame with 1029 rows to data/processed/exiobase_3.8_clean.csv
2025-03-13 14:39:32,905 - utils - INFO - Created checksum e0091c386ffa863d8d42d6f6c729d2fc for data/processed/exiobase_3.8_clean.csv
2025-03-13 14:39:32,905 - extractors.exiobase_extractor - INFO - Cleaned dataset has 1029 rows
2025-03-13 14:39:32,905 - extractors.exiobase_extractor - INFO - EXIOBASE extraction and cleaning completed: data/processed/exiobase_3.8_clean.csv
2025-03-13 14:39:32,905 - __main__ - INFO - Completed exiobase_extractor in 0.54 seconds
2025-03-13 14:39:32,905 - __main__ - INFO - Successfully extracted and cleaned 9 datasets
2025-03-13 14:39:32,905 - __main__ - INFO - Starting harmonization process
2025-03-13 14:39:32,906 - utils - INFO - [HARMONIZATION] Loading datasets
2025-03-13 14:39:32,908 - harmonization.harmonizer - INFO - Loaded ipcc_efdb dataset with 190 rows
2025-03-13 14:39:32,908 - harmonization.harmonizer - INFO - Loaded ipcc dataset with 10 rows
2025-03-13 14:39:32,923 - harmonization.harmonizer - INFO - Loaded useeio dataset with 13560 rows
2025-03-13 14:39:32,924 - harmonization.harmonizer - INFO - Loaded ipcc_ar6 dataset with 78 rows
2025-03-13 14:39:32,925 - harmonization.harmonizer - INFO - Loaded climate_trace dataset with 50 rows
2025-03-13 14:39:32,927 - harmonization.harmonizer - INFO - Loaded agribalyse dataset with 2792 rows
2025-03-13 14:39:32,929 - harmonization.harmonizer - INFO - Loaded greet dataset with 233 rows
2025-03-13 14:39:32,931 - harmonization.harmonizer - INFO - Loaded openlca dataset with 960 rows
2025-03-13 14:39:32,933 - harmonization.harmonizer - INFO - Loaded exiobase dataset with 1029 rows
2025-03-13 14:39:32,933 - utils - INFO - [HARMONIZATION] Creating entity crosswalk
2025-03-13 14:39:33,216 - harmonization.harmonizer - INFO - Created entity crosswalk with 13669 matches
2025-03-13 14:39:33,217 - utils - INFO - [HARMONIZATION] Standardizing units
2025-03-13 14:39:33,219 - harmonization.harmonizer - INFO - Converting 2712 values from kg CO2e to kg CO2e in useeio
2025-03-13 14:39:33,221 - harmonization.harmonizer - INFO - Converting 2712 values from g CO2e to kg CO2e in useeio
2025-03-13 14:39:33,229 - harmonization.harmonizer - INFO - Keeping 78 ratio values as-is in ipcc_ar6
2025-03-13 14:39:33,229 - harmonization.harmonizer - INFO - Converting 50 values from kg CO2e to kg CO2e in climate_trace
2025-03-13 14:39:33,229 - harmonization.harmonizer - INFO - Converting 50 values from g CO2e to kg CO2e in climate_trace
2025-03-13 14:39:33,230 - harmonization.harmonizer - INFO - Converting 2792 values from kg CO2e to kg CO2e in agribalyse
2025-03-13 14:39:33,231 - harmonization.harmonizer - INFO - Converting 2792 values from g CO2e to kg CO2e in agribalyse
2025-03-13 14:39:33,233 - harmonization.harmonizer - INFO - Converting 233 values from g CO2e to kg CO2e in greet
2025-03-13 14:39:33,233 - harmonization.harmonizer - INFO - Converting 960 values from kg CO2e to kg CO2e in openlca
2025-03-13 14:39:33,234 - harmonization.harmonizer - INFO - Converting 960 values from g CO2e to kg CO2e in openlca
2025-03-13 14:39:33,235 - harmonization.harmonizer - INFO - Converting 1029 values from kg CO2e to kg CO2e in exiobase
2025-03-13 14:39:33,235 - harmonization.harmonizer - INFO - Converting 1029 values from g CO2e to kg CO2e in exiobase
2025-03-13 14:39:33,236 - utils - INFO - [HARMONIZATION] Applying regional multipliers
2025-03-13 14:39:33,240 - harmonization.harmonizer - INFO - Applied regional multipliers to 0 records in ipcc_efdb
2025-03-13 14:39:33,240 - harmonization.harmonizer - INFO - Applied regional multipliers to 0 records in ipcc
2025-03-13 14:39:33,434 - harmonization.harmonizer - INFO - Applied regional multipliers to 0 records in useeio
2025-03-13 14:39:33,436 - harmonization.harmonizer - INFO - Applied regional multipliers to 0 records in climate_trace
2025-03-13 14:39:33,475 - harmonization.harmonizer - INFO - Applied regional multipliers to 0 records in agribalyse
2025-03-13 14:39:33,479 - harmonization.harmonizer - INFO - Applied regional multipliers to 0 records in greet
2025-03-13 14:39:33,492 - harmonization.harmonizer - INFO - Applied regional multipliers to 0 records in openlca
2025-03-13 14:39:33,507 - harmonization.harmonizer - INFO - Applied regional multipliers to 0 records in exiobase
2025-03-13 14:39:33,507 - utils - INFO - [HARMONIZATION] Merging datasets
2025-03-13 14:39:33,534 - harmonization.harmonizer - INFO - Merged 9 datasets into a single dataset with 18902 records
2025-03-13 14:39:33,534 - utils - INFO - [HARMONIZATION] Generating metadata
2025-03-13 14:39:33,587 - utils - INFO - Saved DataFrame with 18902 rows to data/processed/harmonized_global_ef_dataset.csv
2025-03-13 14:39:33,607 - utils - INFO - Created checksum 8a4b7cd6082b39f5af9b997dbd0d099f for data/processed/harmonized_global_ef_dataset.csv
2025-03-13 14:39:33,607 - harmonization.harmonizer - INFO - Harmonized dataset saved to data/processed/harmonized_global_ef_dataset.csv
2025-03-13 14:39:33,607 - harmonization.harmonizer - INFO - Metadata saved to data/processed/harmonized_global_ef_dataset_metadata.json
2025-03-13 14:39:33,609 - __main__ - INFO - Harmonization completed: data/processed/harmonized_global_ef_dataset.csv
2025-03-13 14:39:33,609 - __main__ - INFO - Generating summary report
2025-03-13 14:39:33,634 - __main__ - INFO - Summary report generated: data/processed/harmonized_dataset_summary.txt
2025-03-13 14:39:33,635 - __main__ - INFO - Data extraction and processing completed successfully
2025-03-13 14:39:33,635 - __main__ - INFO - Harmonized dataset: data/processed/harmonized_global_ef_dataset.csv
2025-03-13 14:39:33,635 - __main__ - INFO - Summary report: data/processed/harmonized_dataset_summary.txt
