2025-03-13 14:54:10,495 - __main__ - INFO - Starting Adaptive Global LCA Advisor data extraction and processing
2025-03-13 14:54:10,495 - __main__ - INFO - Starting extraction process for all datasets
2025-03-13 14:54:10,495 - __main__ - INFO - Found 9 extractor modules: ipcc_efdb_extractor, ipcc_extractor, useeio_extractor, ipcc_ar6_extractor, climate_trace_extractor, agribalyse_extractor, greet_extractor, openlca_extractor, exiobase_extractor
2025-03-13 14:54:10,495 - __main__ - INFO - Running extractor: ipcc_efdb_extractor
2025-03-13 14:54:10,523 - utils - INFO - [IPCC_EFDB] Fetching emission factors
2025-03-13 14:54:11,983 - extractors.ipcc_efdb_extractor - INFO - Successfully accessed IPCC EFDB website
2025-03-13 14:54:11,983 - extractors.ipcc_efdb_extractor - WARNING - Real data extraction would require permission and proper scraping techniques
2025-03-13 14:54:11,983 - extractors.ipcc_efdb_extractor - INFO - Using simulated data for demonstration
2025-03-13 14:54:11,984 - extractors.ipcc_efdb_extractor - INFO - Using simulated data for IPCC EFDB
2025-03-13 14:54:11,984 - utils - INFO - [IPCC_EFDB] Creating simulated dataset
2025-03-13 14:54:11,997 - extractors.ipcc_efdb_extractor - INFO - Created simulated IPCC EFDB dataset with 190 records
2025-03-13 14:54:11,997 - utils - INFO - [IPCC_EFDB] Preprocessing data
2025-03-13 14:54:11,999 - extractors.ipcc_efdb_extractor - INFO - Preprocessed data with 190 records
2025-03-13 14:54:11,999 - utils - INFO - [IPCC_EFDB] Converting to standard format
2025-03-13 14:54:12,004 - extractors.ipcc_efdb_extractor - INFO - Converted to standard format with 190 records
2025-03-13 14:54:12,004 - utils - INFO - [IPCC_EFDB] Cleaning dataset
2025-03-13 14:54:12,005 - extractors.ipcc_efdb_extractor - INFO - Detected 5 outliers in emission factor values
2025-03-13 14:54:12,008 - utils - INFO - Saved DataFrame with 190 rows to data/processed/ipcc_efdb_clean.csv
2025-03-13 14:54:12,012 - utils - INFO - Created checksum 97e79405150d8cf3e33d9abe02e1923b for data/processed/ipcc_efdb_clean.csv
2025-03-13 14:54:12,012 - extractors.ipcc_efdb_extractor - INFO - Cleaned dataset has 190 rows
2025-03-13 14:54:12,012 - extractors.ipcc_efdb_extractor - INFO - IPCC EFDB extraction and cleaning completed: data/processed/ipcc_efdb_clean.csv
2025-03-13 14:54:12,012 - __main__ - INFO - Completed ipcc_efdb_extractor in 1.52 seconds
2025-03-13 14:54:12,012 - __main__ - INFO - Running extractor: ipcc_extractor
2025-03-13 14:54:12,013 - utils - INFO - [IPCC] Getting report links
2025-03-13 14:54:13,479 - extractors.ipcc_extractor - WARNING - No report links found, using predefined multipliers only
2025-03-13 14:54:13,480 - utils - INFO - [IPCC] Extracting predefined multipliers
2025-03-13 14:54:13,480 - utils - INFO - [IPCC] Combining multipliers
2025-03-13 14:54:13,481 - utils - INFO - [IPCC] Cleaning dataset
2025-03-13 14:54:13,483 - utils - INFO - Saved DataFrame with 10 rows to data/processed/ipcc_ar6_multipliers.csv
2025-03-13 14:54:13,485 - utils - INFO - Created checksum 69ed04065a4374716b749a7f24fd95a5 for data/processed/ipcc_ar6_multipliers.csv
2025-03-13 14:54:13,486 - extractors.ipcc_extractor - INFO - Cleaned dataset has 10 rows
2025-03-13 14:54:13,486 - extractors.ipcc_extractor - INFO - IPCC AR6 extraction and cleaning completed: data/processed/ipcc_ar6_multipliers.csv
2025-03-13 14:54:13,486 - __main__ - INFO - Completed ipcc_extractor in 1.47 seconds
2025-03-13 14:54:13,486 - __main__ - INFO - Running extractor: useeio_extractor
2025-03-13 14:54:13,523 - utils - INFO - [USEEIO] Cloning repository
2025-03-13 14:54:13,523 - extractors.useeio_extractor - INFO - USEEIO repository already exists at data/raw/useeio
2025-03-13 14:54:13,703 - extractors.useeio_extractor - INFO - Pulled latest changes from repository
2025-03-13 14:54:13,703 - utils - INFO - [USEEIO] Finding relevant files
2025-03-13 14:54:13,703 - extractors.useeio_extractor - INFO - Found alternative relevant file: data/raw/useeio/import_emission_factors/output/US_detail_import_factors_exiobase_2019_17sch.csv
2025-03-13 14:54:13,703 - extractors.useeio_extractor - INFO - Found alternative relevant file: data/raw/useeio/import_emission_factors/output/US_summary_import_factors_exiobase_2019_17sch.csv
2025-03-13 14:54:13,703 - extractors.useeio_extractor - INFO - Found alternative relevant file: data/raw/useeio/import_emission_factors/output/Regional_summary_import_factors_exiobase_2019_17sch.csv
2025-03-13 14:54:13,703 - extractors.useeio_extractor - INFO - Found alternative relevant file: data/raw/useeio/import_emission_factors/output/Regional_detail_import_factors_exiobase_2019_17sch.csv
2025-03-13 14:54:13,706 - utils - INFO - [USEEIO] Reading and merging files
2025-03-13 14:54:13,709 - extractors.useeio_extractor - INFO - Read file data/raw/useeio/import_emission_factors/output/US_detail_import_factors_exiobase_2019_17sch.csv with 1490 rows
2025-03-13 14:54:13,710 - extractors.useeio_extractor - INFO - Read file data/raw/useeio/import_emission_factors/output/US_summary_import_factors_exiobase_2019_17sch.csv with 220 rows
2025-03-13 14:54:13,711 - extractors.useeio_extractor - INFO - Read file data/raw/useeio/import_emission_factors/output/Regional_summary_import_factors_exiobase_2019_17sch.csv with 1515 rows
2025-03-13 14:54:13,718 - extractors.useeio_extractor - INFO - Read file data/raw/useeio/import_emission_factors/output/Regional_detail_import_factors_exiobase_2019_17sch.csv with 10405 rows
2025-03-13 14:54:13,747 - utils - INFO - [USEEIO] Converting to standard format
2025-03-13 14:54:13,747 - extractors.useeio_extractor - INFO - Detected import factor files with standardized structure
2025-03-13 14:54:13,798 - utils - INFO - [USEEIO] Cleaning dataset
2025-03-13 14:54:13,812 - extractors.useeio_extractor - INFO - Detected 24 outliers in emission factor values
2025-03-13 14:54:13,948 - utils - INFO - Saved DataFrame with 13560 rows to data/processed/useeio_v2.1_clean.csv
2025-03-13 14:54:13,967 - utils - INFO - Created checksum 21137df6d2821da6c90f01234d9e1ee9 for data/processed/useeio_v2.1_clean.csv
2025-03-13 14:54:13,967 - extractors.useeio_extractor - INFO - Cleaned dataset has 13560 rows
2025-03-13 14:54:13,967 - extractors.useeio_extractor - INFO - USEEIO extraction and cleaning completed: data/processed/useeio_v2.1_clean.csv
2025-03-13 14:54:13,969 - __main__ - INFO - Completed useeio_extractor in 0.48 seconds
2025-03-13 14:54:13,969 - __main__ - INFO - Running extractor: ipcc_ar6_extractor
2025-03-13 14:54:13,969 - utils - INFO - [IPCC_AR6] Downloading data
2025-03-13 14:54:13,969 - extractors.ipcc_ar6_extractor - INFO - Using existing IPCC AR6 data from data/raw/ipcc_ar6_raw.json
2025-03-13 14:54:13,969 - utils - INFO - [IPCC_AR6] Processing data
2025-03-13 14:54:13,970 - extractors.ipcc_ar6_extractor - INFO - Processed 78 IPCC AR6 multipliers
2025-03-13 14:54:13,970 - utils - INFO - [IPCC_AR6] Converting to standard format
2025-03-13 14:54:13,971 - utils - INFO - [IPCC_AR6] Cleaning dataset
2025-03-13 14:54:13,972 - extractors.ipcc_ar6_extractor - INFO - Detected 0 outliers in multiplier values
2025-03-13 14:54:13,973 - utils - INFO - Saved DataFrame with 78 rows to data/processed/ipcc_ar6_clean.csv
2025-03-13 14:54:13,975 - utils - INFO - Created checksum 55584e38aabc3f0c6cc6eb17414d1a5c for data/processed/ipcc_ar6_clean.csv
2025-03-13 14:54:13,975 - extractors.ipcc_ar6_extractor - INFO - Cleaned dataset has 78 rows
2025-03-13 14:54:13,975 - extractors.ipcc_ar6_extractor - INFO - IPCC AR6 extraction and cleaning completed: data/processed/ipcc_ar6_clean.csv
2025-03-13 14:54:13,975 - __main__ - INFO - Completed ipcc_ar6_extractor in 0.01 seconds
2025-03-13 14:54:13,975 - __main__ - INFO - Running extractor: climate_trace_extractor
2025-03-13 14:54:13,975 - utils - INFO - [CLIMATE_TRACE] Downloading bulk data
2025-03-13 14:54:13,975 - extractors.climate_trace_extractor - INFO - Climate TRACE data already exists at data/raw/climate_trace
2025-03-13 14:54:13,975 - utils - INFO - [CLIMATE_TRACE] Processing emissions data
2025-03-13 14:54:14,011 - extractors.climate_trace_extractor - INFO - Processed 4680 emission records from Climate TRACE
2025-03-13 14:54:14,012 - utils - INFO - [CLIMATE_TRACE] Converting to EF format
2025-03-13 14:54:14,027 - utils - INFO - [CLIMATE_TRACE] Cleaning dataset
2025-03-13 14:54:14,029 - extractors.climate_trace_extractor - INFO - Detected 22 outliers in emission factor values
2025-03-13 14:54:14,042 - utils - INFO - Saved DataFrame with 4680 rows to data/processed/climate_trace_clean.csv
2025-03-13 14:54:14,052 - utils - INFO - Created checksum f7f03d41c0f47832228b66c2bca5fc33 for data/processed/climate_trace_clean.csv
2025-03-13 14:54:14,052 - extractors.climate_trace_extractor - INFO - Cleaned dataset has 4680 rows
2025-03-13 14:54:14,052 - extractors.climate_trace_extractor - INFO - Climate TRACE extraction and cleaning completed: data/processed/climate_trace_clean.csv
2025-03-13 14:54:14,052 - __main__ - INFO - Completed climate_trace_extractor in 0.08 seconds
2025-03-13 14:54:14,052 - __main__ - INFO - Running extractor: agribalyse_extractor
2025-03-13 14:54:14,053 - utils - INFO - [AGRIBALYSE] Downloading dataset
2025-03-13 14:54:14,053 - extractors.agribalyse_extractor - INFO - Agribalyse dataset already exists at /Users/surendra/Desktop/Carbon EF/data/raw/agribalyse_3.1_raw.csv
2025-03-13 14:54:14,053 - utils - INFO - [AGRIBALYSE] Validating dataset
2025-03-13 14:54:14,053 - extractors.agribalyse_extractor - INFO - Successfully read file with encoding: utf-8
2025-03-13 14:54:14,053 - extractors.agribalyse_extractor - INFO - Found columns: LCI_Name, ProductName, PEF_categoria, Climate_change_-_total, Unit, DQR
2025-03-13 14:54:14,053 - extractors.agribalyse_extractor - INFO - Agribalyse dataset validation successful
2025-03-13 14:54:14,053 - utils - INFO - [AGRIBALYSE] Cleaning dataset
2025-03-13 14:54:14,055 - extractors.agribalyse_extractor - INFO - Successfully read file with encoding: utf-8
2025-03-13 14:54:14,055 - extractors.agribalyse_extractor - INFO - Raw dataset has 2792 rows and 6 columns
2025-03-13 14:54:14,055 - extractors.agribalyse_extractor - INFO - Columns: LCI_Name, ProductName, PEF_categoria, Climate_change_-_total, Unit, DQR
2025-03-13 14:54:14,058 - extractors.agribalyse_extractor - INFO - Using column 'LCI_Name' as product name
2025-03-13 14:54:14,058 - extractors.agribalyse_extractor - INFO - Using column 'LCI_Name' as product ID
2025-03-13 14:54:14,059 - extractors.agribalyse_extractor - INFO - Using column 'PEF_categoria' as product category
2025-03-13 14:54:14,059 - extractors.agribalyse_extractor - INFO - Using column 'DQR' as data quality
2025-03-13 14:54:14,059 - extractors.agribalyse_extractor - INFO - Using column 'Unit' as unit
2025-03-13 14:54:14,059 - extractors.agribalyse_extractor - INFO - Using column 'Climate_change_-_total' as emission factor
2025-03-13 14:54:14,063 - extractors.agribalyse_extractor - INFO - Detected 21 outliers in emission factor values
2025-03-13 14:54:14,068 - utils - INFO - Saved DataFrame with 2792 rows to /Users/surendra/Desktop/Carbon EF/data/processed/agribalyse_3.1_clean.csv
2025-03-13 14:54:14,079 - utils - INFO - Created checksum 2b73b073762b66d7cb2412930ea39fc8 for /Users/surendra/Desktop/Carbon EF/data/processed/agribalyse_3.1_clean.csv
2025-03-13 14:54:14,079 - extractors.agribalyse_extractor - INFO - Cleaned dataset has 2792 rows
2025-03-13 14:54:14,080 - extractors.agribalyse_extractor - INFO - Agribalyse extraction and cleaning completed: /Users/surendra/Desktop/Carbon EF/data/processed/agribalyse_3.1_clean.csv
2025-03-13 14:54:14,080 - __main__ - INFO - Completed agribalyse_extractor in 0.03 seconds
2025-03-13 14:54:14,080 - __main__ - INFO - Running extractor: greet_extractor
2025-03-13 14:54:14,080 - utils - INFO - [GREET] Attempting to download GREET data
2025-03-13 14:54:14,323 - extractors.greet_extractor - ERROR - Error accessing GREET website: 500 Server Error: Internal Server Error for url: https://greet.anl.gov/
2025-03-13 14:54:14,323 - extractors.greet_extractor - INFO - Falling back to simulated data
2025-03-13 14:54:14,324 - extractors.greet_extractor - INFO - Using simulated data for GREET model
2025-03-13 14:54:14,324 - utils - INFO - [GREET] Creating simulated dataset
2025-03-13 14:54:14,329 - extractors.greet_extractor - INFO - Created simulated GREET dataset with 233 records
2025-03-13 14:54:14,329 - utils - INFO - [GREET] Preprocessing data
2025-03-13 14:54:14,332 - extractors.greet_extractor - INFO - Preprocessed data with 233 records
2025-03-13 14:54:14,332 - utils - INFO - [GREET] Converting to standard format
2025-03-13 14:54:14,339 - extractors.greet_extractor - INFO - Converted to standard format with 233 records
2025-03-13 14:54:14,339 - utils - INFO - [GREET] Cleaning dataset
2025-03-13 14:54:14,341 - extractors.greet_extractor - INFO - Detected 6 outliers in emission factor values
2025-03-13 14:54:14,346 - utils - INFO - Saved DataFrame with 233 rows to data/processed/greet_clean.csv
2025-03-13 14:54:14,355 - utils - INFO - Created checksum 16b8d39aa55c976a639ef6ce910bc15b for data/processed/greet_clean.csv
2025-03-13 14:54:14,355 - extractors.greet_extractor - INFO - Cleaned dataset has 233 rows
2025-03-13 14:54:14,355 - extractors.greet_extractor - INFO - GREET model extraction and cleaning completed: data/processed/greet_clean.csv
2025-03-13 14:54:14,355 - __main__ - INFO - Completed greet_extractor in 0.28 seconds
2025-03-13 14:54:14,355 - __main__ - INFO - Running extractor: openlca_extractor
2025-03-13 14:54:14,355 - utils - INFO - [OPENLCA] Getting database links
2025-03-13 14:54:15,880 - extractors.openlca_extractor - WARNING - No database links found on OpenLCA Nexus website
2025-03-13 14:54:15,880 - extractors.openlca_extractor - WARNING - No real data obtained, using simulated data
2025-03-13 14:54:15,880 - utils - INFO - [OPENLCA] Creating simulated dataset
2025-03-13 14:54:15,888 - extractors.openlca_extractor - INFO - Created simulated dataset with 960 records
2025-03-13 14:54:15,889 - utils - INFO - [OPENLCA] Converting to standard format
2025-03-13 14:54:15,900 - extractors.openlca_extractor - INFO - Converted to standard format with 960 records
2025-03-13 14:54:15,900 - utils - INFO - [OPENLCA] Cleaning dataset
2025-03-13 14:54:15,902 - extractors.openlca_extractor - INFO - Detected 26 outliers in emission factor values
2025-03-13 14:54:15,913 - utils - INFO - Saved DataFrame with 960 rows to data/processed/openlca_clean.csv
2025-03-13 14:54:15,927 - utils - INFO - Created checksum ec37cad19f0b7fa841d48c5e06121fb9 for data/processed/openlca_clean.csv
2025-03-13 14:54:15,927 - extractors.openlca_extractor - INFO - Cleaned dataset has 960 rows
2025-03-13 14:54:15,927 - extractors.openlca_extractor - INFO - OpenLCA extraction and cleaning completed: data/processed/openlca_clean.csv
2025-03-13 14:54:15,927 - __main__ - INFO - Completed openlca_extractor in 1.57 seconds
2025-03-13 14:54:15,927 - __main__ - INFO - Running extractor: exiobase_extractor
2025-03-13 14:54:15,928 - utils - INFO - [EXIOBASE] Downloading dataset
2025-03-13 14:54:15,928 - extractors.exiobase_extractor - INFO - Attempting to download from: https://zenodo.org/records/5589597/files/EXIOBASE_3_8_2_2022_env.zip
2025-03-13 14:54:16,522 - extractors.exiobase_extractor - WARNING - Failed to download EXIOBASE: URL returned HTML or invalid response
2025-03-13 14:54:16,522 - utils - INFO - [EXIOBASE] Creating simulated dataset
2025-03-13 14:54:16,532 - extractors.exiobase_extractor - INFO - Created simulated EXIOBASE dataset with 1029 entries
2025-03-13 14:54:16,533 - utils - INFO - [EXIOBASE] Extracting files
2025-03-13 14:54:16,533 - extractors.exiobase_extractor - INFO - EXIOBASE files already extracted to data/raw/exiobase_3.8
2025-03-13 14:54:16,533 - utils - INFO - [EXIOBASE] Finding emission tables
2025-03-13 14:54:16,534 - extractors.exiobase_extractor - INFO - Found emission table: data/raw/exiobase_3.8/emissions_by_country_product.csv
2025-03-13 14:54:16,534 - utils - INFO - [EXIOBASE] Parsing emission tables
2025-03-13 14:54:16,540 - extractors.exiobase_extractor - INFO - Parsed table data/raw/exiobase_3.8/emissions_by_country_product.csv with 1029 rows
2025-03-13 14:54:16,544 - utils - INFO - [EXIOBASE] Extracting emission factors
2025-03-13 14:54:16,544 - extractors.exiobase_extractor - INFO - Using column 'CO2_Emissions' for emission factors
2025-03-13 14:54:16,546 - utils - INFO - [EXIOBASE] Standardizing country codes
2025-03-13 14:54:16,548 - utils - INFO - [EXIOBASE] Cleaning dataset
2025-03-13 14:54:16,551 - extractors.exiobase_extractor - INFO - Detected 24 outliers in emission factor values
2025-03-13 14:54:16,555 - utils - INFO - Saved DataFrame with 1029 rows to data/processed/exiobase_3.8_clean.csv
2025-03-13 14:54:16,560 - utils - INFO - Created checksum 829e12675ffa90cd1ec6a03d0314d7a7 for data/processed/exiobase_3.8_clean.csv
2025-03-13 14:54:16,560 - extractors.exiobase_extractor - INFO - Cleaned dataset has 1029 rows
2025-03-13 14:54:16,560 - extractors.exiobase_extractor - INFO - EXIOBASE extraction and cleaning completed: data/processed/exiobase_3.8_clean.csv
2025-03-13 14:54:16,560 - __main__ - INFO - Completed exiobase_extractor in 0.63 seconds
2025-03-13 14:54:16,560 - __main__ - INFO - Successfully extracted and cleaned 9 datasets
2025-03-13 14:54:16,560 - __main__ - INFO - Starting harmonization process
2025-03-13 14:54:16,561 - utils - INFO - [HARMONIZATION] Loading datasets
2025-03-13 14:54:16,562 - harmonization.harmonizer - INFO - Loaded ipcc_efdb dataset with 190 rows
2025-03-13 14:54:16,563 - harmonization.harmonizer - INFO - Loaded ipcc dataset with 10 rows
2025-03-13 14:54:16,577 - harmonization.harmonizer - INFO - Loaded useeio dataset with 13560 rows
2025-03-13 14:54:16,578 - harmonization.harmonizer - INFO - Loaded ipcc_ar6 dataset with 78 rows
2025-03-13 14:54:16,583 - harmonization.harmonizer - INFO - Loaded climate_trace dataset with 4680 rows
2025-03-13 14:54:16,585 - harmonization.harmonizer - INFO - Loaded agribalyse dataset with 2792 rows
2025-03-13 14:54:16,587 - harmonization.harmonizer - INFO - Loaded greet dataset with 233 rows
2025-03-13 14:54:16,589 - harmonization.harmonizer - INFO - Loaded openlca dataset with 960 rows
2025-03-13 14:54:16,591 - harmonization.harmonizer - INFO - Loaded exiobase dataset with 1029 rows
2025-03-13 14:54:16,591 - utils - INFO - [HARMONIZATION] Creating entity crosswalk
2025-03-13 14:54:16,966 - harmonization.harmonizer - INFO - Created entity crosswalk with 18323 matches
2025-03-13 14:54:16,967 - utils - INFO - [HARMONIZATION] Standardizing units
2025-03-13 14:54:16,970 - harmonization.harmonizer - INFO - Converting 2712 values from kg CO2e to kg CO2e in useeio
2025-03-13 14:54:16,972 - harmonization.harmonizer - INFO - Converting 2712 values from g CO2e to kg CO2e in useeio
2025-03-13 14:54:16,980 - harmonization.harmonizer - INFO - Keeping 78 ratio values as-is in ipcc_ar6
2025-03-13 14:54:16,981 - harmonization.harmonizer - INFO - Converting 4680 values from kg CO2e to kg CO2e in climate_trace
2025-03-13 14:54:16,982 - harmonization.harmonizer - INFO - Converting 4680 values from g CO2e to kg CO2e in climate_trace
2025-03-13 14:54:16,985 - harmonization.harmonizer - INFO - Converting 2792 values from kg CO2e to kg CO2e in agribalyse
2025-03-13 14:54:16,986 - harmonization.harmonizer - INFO - Converting 2792 values from g CO2e to kg CO2e in agribalyse
2025-03-13 14:54:16,988 - harmonization.harmonizer - INFO - Converting 233 values from g CO2e to kg CO2e in greet
2025-03-13 14:54:16,988 - harmonization.harmonizer - INFO - Converting 960 values from kg CO2e to kg CO2e in openlca
2025-03-13 14:54:16,989 - harmonization.harmonizer - INFO - Converting 960 values from g CO2e to kg CO2e in openlca
2025-03-13 14:54:16,990 - harmonization.harmonizer - INFO - Converting 1029 values from kg CO2e to kg CO2e in exiobase
2025-03-13 14:54:16,990 - harmonization.harmonizer - INFO - Converting 1029 values from g CO2e to kg CO2e in exiobase
2025-03-13 14:54:16,991 - utils - INFO - [HARMONIZATION] Applying regional multipliers
2025-03-13 14:54:16,995 - harmonization.harmonizer - INFO - Applied regional multipliers to 0 records in ipcc_efdb
2025-03-13 14:54:16,996 - harmonization.harmonizer - INFO - Applied regional multipliers to 0 records in ipcc
2025-03-13 14:54:17,185 - harmonization.harmonizer - INFO - Applied regional multipliers to 0 records in useeio
2025-03-13 14:54:17,251 - harmonization.harmonizer - INFO - Applied regional multipliers to 0 records in climate_trace
2025-03-13 14:54:17,291 - harmonization.harmonizer - INFO - Applied regional multipliers to 0 records in agribalyse
2025-03-13 14:54:17,295 - harmonization.harmonizer - INFO - Applied regional multipliers to 0 records in greet
2025-03-13 14:54:17,309 - harmonization.harmonizer - INFO - Applied regional multipliers to 0 records in openlca
2025-03-13 14:54:17,324 - harmonization.harmonizer - INFO - Applied regional multipliers to 0 records in exiobase
2025-03-13 14:54:17,325 - utils - INFO - [HARMONIZATION] Merging datasets
2025-03-13 14:54:17,359 - harmonization.harmonizer - INFO - Merged 9 datasets into a single dataset with 23532 records
2025-03-13 14:54:17,359 - utils - INFO - [HARMONIZATION] Generating metadata
2025-03-13 14:54:17,427 - utils - INFO - Saved DataFrame with 23532 rows to data/processed/harmonized_global_ef_dataset.csv
2025-03-13 14:54:17,449 - utils - INFO - Created checksum fbd4a1fd542b54b315c60504c5bfa78c for data/processed/harmonized_global_ef_dataset.csv
2025-03-13 14:54:17,449 - harmonization.harmonizer - INFO - Harmonized dataset saved to data/processed/harmonized_global_ef_dataset.csv
2025-03-13 14:54:17,449 - harmonization.harmonizer - INFO - Metadata saved to data/processed/harmonized_global_ef_dataset_metadata.json
2025-03-13 14:54:17,451 - __main__ - INFO - Harmonization completed: data/processed/harmonized_global_ef_dataset.csv
2025-03-13 14:54:17,451 - __main__ - INFO - Generating summary report
2025-03-13 14:54:17,483 - __main__ - INFO - Summary report generated: data/processed/harmonized_dataset_summary.txt
2025-03-13 14:54:17,483 - __main__ - INFO - Data extraction and processing completed successfully
2025-03-13 14:54:17,483 - __main__ - INFO - Harmonized dataset: data/processed/harmonized_global_ef_dataset.csv
2025-03-13 14:54:17,483 - __main__ - INFO - Summary report: data/processed/harmonized_dataset_summary.txt
