2025-03-12 11:50:14,226 - __main__ - INFO - Starting Adaptive Global LCA Advisor data extraction and processing
2025-03-12 11:50:14,227 - __main__ - INFO - Starting extraction process for all datasets
2025-03-12 11:50:14,227 - __main__ - INFO - Found 9 extractor modules: ipcc_efdb_extractor, ipcc_extractor, useeio_extractor, ipcc_ar6_extractor, climate_trace_extractor, agribalyse_extractor, greet_extractor, openlca_extractor, exiobase_extractor
2025-03-12 11:50:14,227 - __main__ - INFO - Running extractor: ipcc_efdb_extractor
2025-03-12 11:50:14,255 - utils - INFO - [IPCC_EFDB] Fetching emission factors
2025-03-12 11:50:15,864 - extractors.ipcc_efdb_extractor - INFO - Successfully accessed IPCC EFDB website
2025-03-12 11:50:15,865 - extractors.ipcc_efdb_extractor - WARNING - Real data extraction would require permission and proper scraping techniques
2025-03-12 11:50:15,865 - extractors.ipcc_efdb_extractor - INFO - Using simulated data for demonstration
2025-03-12 11:50:15,865 - extractors.ipcc_efdb_extractor - INFO - Using simulated data for IPCC EFDB
2025-03-12 11:50:15,866 - utils - INFO - [IPCC_EFDB] Creating simulated dataset
2025-03-12 11:50:15,880 - extractors.ipcc_efdb_extractor - INFO - Created simulated IPCC EFDB dataset with 190 records
2025-03-12 11:50:15,880 - utils - INFO - [IPCC_EFDB] Preprocessing data
2025-03-12 11:50:15,883 - extractors.ipcc_efdb_extractor - INFO - Preprocessed data with 190 records
2025-03-12 11:50:15,883 - utils - INFO - [IPCC_EFDB] Converting to standard format
2025-03-12 11:50:15,888 - extractors.ipcc_efdb_extractor - INFO - Converted to standard format with 190 records
2025-03-12 11:50:15,889 - utils - INFO - [IPCC_EFDB] Cleaning dataset
2025-03-12 11:50:15,890 - extractors.ipcc_efdb_extractor - INFO - Detected 4 outliers in emission factor values
2025-03-12 11:50:15,893 - utils - INFO - Saved DataFrame with 190 rows to data/processed/ipcc_efdb_clean.csv
2025-03-12 11:50:15,897 - utils - INFO - Created checksum 220cfdb5bc157e52061e0c123cdda0c0 for data/processed/ipcc_efdb_clean.csv
2025-03-12 11:50:15,897 - extractors.ipcc_efdb_extractor - INFO - Cleaned dataset has 190 rows
2025-03-12 11:50:15,897 - extractors.ipcc_efdb_extractor - INFO - IPCC EFDB extraction and cleaning completed: data/processed/ipcc_efdb_clean.csv
2025-03-12 11:50:15,897 - __main__ - INFO - Completed ipcc_efdb_extractor in 1.67 seconds
2025-03-12 11:50:15,897 - __main__ - INFO - Running extractor: ipcc_extractor
2025-03-12 11:50:15,898 - utils - INFO - [IPCC] Getting report links
2025-03-12 11:50:17,386 - extractors.ipcc_extractor - WARNING - No report links found, using predefined multipliers only
2025-03-12 11:50:17,386 - utils - INFO - [IPCC] Extracting predefined multipliers
2025-03-12 11:50:17,386 - utils - INFO - [IPCC] Combining multipliers
2025-03-12 11:50:17,387 - utils - INFO - [IPCC] Cleaning dataset
2025-03-12 11:50:17,389 - utils - INFO - Saved DataFrame with 10 rows to data/processed/ipcc_ar6_multipliers.csv
2025-03-12 11:50:17,391 - utils - INFO - Created checksum c2c462845ee58b76315beedbd313697a for data/processed/ipcc_ar6_multipliers.csv
2025-03-12 11:50:17,391 - extractors.ipcc_extractor - INFO - Cleaned dataset has 10 rows
2025-03-12 11:50:17,391 - extractors.ipcc_extractor - INFO - IPCC AR6 extraction and cleaning completed: data/processed/ipcc_ar6_multipliers.csv
2025-03-12 11:50:17,391 - __main__ - INFO - Completed ipcc_extractor in 1.49 seconds
2025-03-12 11:50:17,391 - __main__ - INFO - Running extractor: useeio_extractor
2025-03-12 11:50:17,437 - utils - INFO - [USEEIO] Cloning repository
2025-03-12 11:50:17,437 - extractors.useeio_extractor - INFO - USEEIO repository already exists at data/raw/useeio
2025-03-12 11:50:19,305 - extractors.useeio_extractor - INFO - Pulled latest changes from repository
2025-03-12 11:50:19,305 - utils - INFO - [USEEIO] Finding relevant files
2025-03-12 11:50:19,305 - extractors.useeio_extractor - INFO - Found alternative relevant file: data/raw/useeio/import_emission_factors/output/US_detail_import_factors_exiobase_2019_17sch.csv
2025-03-12 11:50:19,305 - extractors.useeio_extractor - INFO - Found alternative relevant file: data/raw/useeio/import_emission_factors/output/US_summary_import_factors_exiobase_2019_17sch.csv
2025-03-12 11:50:19,305 - extractors.useeio_extractor - INFO - Found alternative relevant file: data/raw/useeio/import_emission_factors/output/Regional_summary_import_factors_exiobase_2019_17sch.csv
2025-03-12 11:50:19,305 - extractors.useeio_extractor - INFO - Found alternative relevant file: data/raw/useeio/import_emission_factors/output/Regional_detail_import_factors_exiobase_2019_17sch.csv
2025-03-12 11:50:19,307 - utils - INFO - [USEEIO] Reading and merging files
2025-03-12 11:50:19,310 - extractors.useeio_extractor - INFO - Read file data/raw/useeio/import_emission_factors/output/US_detail_import_factors_exiobase_2019_17sch.csv with 1490 rows
2025-03-12 11:50:19,311 - extractors.useeio_extractor - INFO - Read file data/raw/useeio/import_emission_factors/output/US_summary_import_factors_exiobase_2019_17sch.csv with 220 rows
2025-03-12 11:50:19,313 - extractors.useeio_extractor - INFO - Read file data/raw/useeio/import_emission_factors/output/Regional_summary_import_factors_exiobase_2019_17sch.csv with 1515 rows
2025-03-12 11:50:19,321 - extractors.useeio_extractor - INFO - Read file data/raw/useeio/import_emission_factors/output/Regional_detail_import_factors_exiobase_2019_17sch.csv with 10405 rows
2025-03-12 11:50:19,353 - utils - INFO - [USEEIO] Converting to standard format
2025-03-12 11:50:19,353 - extractors.useeio_extractor - WARNING - Could not identify all required columns, using placeholders
2025-03-12 11:50:19,355 - utils - INFO - [USEEIO] Cleaning dataset
2025-03-12 11:50:19,365 - extractors.useeio_extractor - INFO - Detected 0 outliers in emission factor values
2025-03-12 11:50:19,367 - utils - INFO - Saved DataFrame with 342 rows to data/processed/useeio_v2.1_clean.csv
2025-03-12 11:50:19,370 - utils - INFO - Created checksum b062e3728ec81dde33b0cea27eef8115 for data/processed/useeio_v2.1_clean.csv
2025-03-12 11:50:19,370 - extractors.useeio_extractor - INFO - Cleaned dataset has 342 rows
2025-03-12 11:50:19,370 - extractors.useeio_extractor - INFO - USEEIO extraction and cleaning completed: data/processed/useeio_v2.1_clean.csv
2025-03-12 11:50:19,370 - __main__ - INFO - Completed useeio_extractor in 1.98 seconds
2025-03-12 11:50:19,371 - __main__ - INFO - Running extractor: ipcc_ar6_extractor
2025-03-12 11:50:19,371 - utils - INFO - [IPCC_AR6] Downloading data
2025-03-12 11:50:19,371 - extractors.ipcc_ar6_extractor - INFO - Using existing IPCC AR6 data from data/raw/ipcc_ar6_raw.json
2025-03-12 11:50:19,371 - utils - INFO - [IPCC_AR6] Processing data
2025-03-12 11:50:19,372 - extractors.ipcc_ar6_extractor - INFO - Processed 78 IPCC AR6 multipliers
2025-03-12 11:50:19,372 - utils - INFO - [IPCC_AR6] Converting to standard format
2025-03-12 11:50:19,373 - utils - INFO - [IPCC_AR6] Cleaning dataset
2025-03-12 11:50:19,374 - extractors.ipcc_ar6_extractor - INFO - Detected 0 outliers in multiplier values
2025-03-12 11:50:19,375 - utils - INFO - Saved DataFrame with 78 rows to data/processed/ipcc_ar6_clean.csv
2025-03-12 11:50:19,378 - utils - INFO - Created checksum 0721184fe8bed5144568883a30a38be2 for data/processed/ipcc_ar6_clean.csv
2025-03-12 11:50:19,378 - extractors.ipcc_ar6_extractor - INFO - Cleaned dataset has 78 rows
2025-03-12 11:50:19,378 - extractors.ipcc_ar6_extractor - INFO - IPCC AR6 extraction and cleaning completed: data/processed/ipcc_ar6_clean.csv
2025-03-12 11:50:19,378 - __main__ - INFO - Completed ipcc_ar6_extractor in 0.01 seconds
2025-03-12 11:50:19,378 - __main__ - INFO - Running extractor: climate_trace_extractor
2025-03-12 11:50:19,378 - utils - INFO - [CLIMATE_TRACE] Fetching all data
2025-03-12 11:50:19,378 - extractors.climate_trace_extractor - INFO - Using existing Climate TRACE data from data/raw/climate_trace_latest.json
2025-03-12 11:50:19,379 - utils - INFO - [CLIMATE_TRACE] Processing emissions data
2025-03-12 11:50:19,380 - extractors.climate_trace_extractor - INFO - Processed 50 emission records from Climate TRACE
2025-03-12 11:50:19,380 - utils - INFO - [CLIMATE_TRACE] Converting to EF format
2025-03-12 11:50:19,383 - utils - INFO - [CLIMATE_TRACE] Cleaning dataset
2025-03-12 11:50:19,384 - extractors.climate_trace_extractor - INFO - Detected 0 outliers in emission factor values
2025-03-12 11:50:19,385 - utils - INFO - Saved DataFrame with 50 rows to data/processed/climate_trace_clean.csv
2025-03-12 11:50:19,387 - utils - INFO - Created checksum c3832956bd0ca78631b66f3a085b3dc9 for data/processed/climate_trace_clean.csv
2025-03-12 11:50:19,387 - extractors.climate_trace_extractor - INFO - Cleaned dataset has 50 rows
2025-03-12 11:50:19,387 - extractors.climate_trace_extractor - INFO - Climate TRACE extraction and cleaning completed: data/processed/climate_trace_clean.csv
2025-03-12 11:50:19,387 - __main__ - INFO - Completed climate_trace_extractor in 0.01 seconds
2025-03-12 11:50:19,387 - __main__ - INFO - Running extractor: agribalyse_extractor
2025-03-12 11:50:19,387 - utils - INFO - [AGRIBALYSE] Downloading dataset
2025-03-12 11:50:19,388 - extractors.agribalyse_extractor - INFO - Agribalyse dataset already exists at /Users/surendra/Desktop/Carbon EF/data/raw/agribalyse_3.1_raw.csv
2025-03-12 11:50:19,388 - utils - INFO - [AGRIBALYSE] Validating dataset
2025-03-12 11:50:19,388 - extractors.agribalyse_extractor - INFO - Successfully read file with encoding: utf-8
2025-03-12 11:50:19,388 - extractors.agribalyse_extractor - INFO - Found columns: LCI_Name, ProductName, PEF_categoria, Climate_change_-_total, Unit, DQR
2025-03-12 11:50:19,388 - extractors.agribalyse_extractor - INFO - Agribalyse dataset validation successful
2025-03-12 11:50:19,388 - utils - INFO - [AGRIBALYSE] Cleaning dataset
2025-03-12 11:50:19,390 - extractors.agribalyse_extractor - INFO - Successfully read file with encoding: utf-8
2025-03-12 11:50:19,390 - extractors.agribalyse_extractor - INFO - Raw dataset has 2792 rows and 6 columns
2025-03-12 11:50:19,390 - extractors.agribalyse_extractor - INFO - Columns: LCI_Name, ProductName, PEF_categoria, Climate_change_-_total, Unit, DQR
2025-03-12 11:50:19,393 - extractors.agribalyse_extractor - INFO - Using column 'LCI_Name' as product name
2025-03-12 11:50:19,393 - extractors.agribalyse_extractor - INFO - Using column 'LCI_Name' as product ID
2025-03-12 11:50:19,393 - extractors.agribalyse_extractor - INFO - Using column 'PEF_categoria' as product category
2025-03-12 11:50:19,393 - extractors.agribalyse_extractor - INFO - Using column 'DQR' as data quality
2025-03-12 11:50:19,393 - extractors.agribalyse_extractor - INFO - Using column 'Unit' as unit
2025-03-12 11:50:19,393 - extractors.agribalyse_extractor - INFO - Using column 'Climate_change_-_total' as emission factor
2025-03-12 11:50:19,398 - extractors.agribalyse_extractor - INFO - Detected 21 outliers in emission factor values
2025-03-12 11:50:19,403 - utils - INFO - Saved DataFrame with 2792 rows to /Users/surendra/Desktop/Carbon EF/data/processed/agribalyse_3.1_clean.csv
2025-03-12 11:50:19,415 - utils - INFO - Created checksum bfad8ef357a6b8e4d64795fa2cf2cefe for /Users/surendra/Desktop/Carbon EF/data/processed/agribalyse_3.1_clean.csv
2025-03-12 11:50:19,415 - extractors.agribalyse_extractor - INFO - Cleaned dataset has 2792 rows
2025-03-12 11:50:19,415 - extractors.agribalyse_extractor - INFO - Agribalyse extraction and cleaning completed: /Users/surendra/Desktop/Carbon EF/data/processed/agribalyse_3.1_clean.csv
2025-03-12 11:50:19,415 - __main__ - INFO - Completed agribalyse_extractor in 0.03 seconds
2025-03-12 11:50:19,415 - __main__ - INFO - Running extractor: greet_extractor
2025-03-12 11:50:19,415 - utils - INFO - [GREET] Attempting to download GREET data
2025-03-12 11:50:19,834 - extractors.greet_extractor - ERROR - Error accessing GREET website: 500 Server Error: Internal Server Error for url: https://greet.anl.gov/
2025-03-12 11:50:19,835 - extractors.greet_extractor - INFO - Falling back to simulated data
2025-03-12 11:50:19,835 - extractors.greet_extractor - INFO - Using simulated data for GREET model
2025-03-12 11:50:19,835 - utils - INFO - [GREET] Creating simulated dataset
2025-03-12 11:50:19,839 - extractors.greet_extractor - INFO - Created simulated GREET dataset with 233 records
2025-03-12 11:50:19,840 - utils - INFO - [GREET] Preprocessing data
2025-03-12 11:50:19,842 - extractors.greet_extractor - INFO - Preprocessed data with 233 records
2025-03-12 11:50:19,842 - utils - INFO - [GREET] Converting to standard format
2025-03-12 11:50:19,849 - extractors.greet_extractor - INFO - Converted to standard format with 233 records
2025-03-12 11:50:19,849 - utils - INFO - [GREET] Cleaning dataset
2025-03-12 11:50:19,851 - extractors.greet_extractor - INFO - Detected 4 outliers in emission factor values
2025-03-12 11:50:19,855 - utils - INFO - Saved DataFrame with 233 rows to data/processed/greet_clean.csv
2025-03-12 11:50:19,862 - utils - INFO - Created checksum 102bbd4f307514ca49f2fe090c18225c for data/processed/greet_clean.csv
2025-03-12 11:50:19,862 - extractors.greet_extractor - INFO - Cleaned dataset has 233 rows
2025-03-12 11:50:19,862 - extractors.greet_extractor - INFO - GREET model extraction and cleaning completed: data/processed/greet_clean.csv
2025-03-12 11:50:19,862 - __main__ - INFO - Completed greet_extractor in 0.45 seconds
2025-03-12 11:50:19,862 - __main__ - INFO - Running extractor: openlca_extractor
2025-03-12 11:50:19,863 - utils - INFO - [OPENLCA] Getting database links
2025-03-12 11:50:20,419 - extractors.openlca_extractor - WARNING - No database links found on OpenLCA Nexus website
2025-03-12 11:50:20,419 - extractors.openlca_extractor - WARNING - No real data obtained, using simulated data
2025-03-12 11:50:20,419 - utils - INFO - [OPENLCA] Creating simulated dataset
2025-03-12 11:50:20,428 - extractors.openlca_extractor - INFO - Created simulated dataset with 960 records
2025-03-12 11:50:20,428 - utils - INFO - [OPENLCA] Converting to standard format
2025-03-12 11:50:20,439 - extractors.openlca_extractor - INFO - Converted to standard format with 960 records
2025-03-12 11:50:20,439 - utils - INFO - [OPENLCA] Cleaning dataset
2025-03-12 11:50:20,440 - extractors.openlca_extractor - INFO - Detected 27 outliers in emission factor values
2025-03-12 11:50:20,452 - utils - INFO - Saved DataFrame with 960 rows to data/processed/openlca_clean.csv
2025-03-12 11:50:20,466 - utils - INFO - Created checksum 8caae7c6d68caa7e75f0f31103cf350f for data/processed/openlca_clean.csv
2025-03-12 11:50:20,466 - extractors.openlca_extractor - INFO - Cleaned dataset has 960 rows
2025-03-12 11:50:20,466 - extractors.openlca_extractor - INFO - OpenLCA extraction and cleaning completed: data/processed/openlca_clean.csv
2025-03-12 11:50:20,466 - __main__ - INFO - Completed openlca_extractor in 0.60 seconds
2025-03-12 11:50:20,466 - __main__ - INFO - Running extractor: exiobase_extractor
2025-03-12 11:50:20,467 - utils - INFO - [EXIOBASE] Downloading dataset
2025-03-12 11:50:20,467 - extractors.exiobase_extractor - INFO - Attempting to download from: https://zenodo.org/records/5589597/files/EXIOBASE_3_8_2_2022_env.zip
2025-03-12 11:50:21,068 - extractors.exiobase_extractor - WARNING - Failed to download EXIOBASE: URL returned HTML or invalid response
2025-03-12 11:50:21,068 - utils - INFO - [EXIOBASE] Creating simulated dataset
2025-03-12 11:50:21,079 - extractors.exiobase_extractor - INFO - Created simulated EXIOBASE dataset with 1029 entries
2025-03-12 11:50:21,080 - utils - INFO - [EXIOBASE] Extracting files
2025-03-12 11:50:21,080 - extractors.exiobase_extractor - INFO - EXIOBASE files already extracted to data/raw/exiobase_3.8
2025-03-12 11:50:21,080 - utils - INFO - [EXIOBASE] Finding emission tables
2025-03-12 11:50:21,080 - extractors.exiobase_extractor - INFO - Found emission table: data/raw/exiobase_3.8/emissions_by_country_product.csv
2025-03-12 11:50:21,080 - utils - INFO - [EXIOBASE] Parsing emission tables
2025-03-12 11:50:21,086 - extractors.exiobase_extractor - INFO - Parsed table data/raw/exiobase_3.8/emissions_by_country_product.csv with 1029 rows
2025-03-12 11:50:21,089 - utils - INFO - [EXIOBASE] Extracting emission factors
2025-03-12 11:50:21,089 - extractors.exiobase_extractor - INFO - Using column 'CO2_Emissions' for emission factors
2025-03-12 11:50:21,091 - utils - INFO - [EXIOBASE] Standardizing country codes
2025-03-12 11:50:21,093 - utils - INFO - [EXIOBASE] Cleaning dataset
2025-03-12 11:50:21,096 - extractors.exiobase_extractor - INFO - Detected 18 outliers in emission factor values
2025-03-12 11:50:21,109 - utils - INFO - Saved DataFrame with 1029 rows to data/processed/exiobase_3.8_clean.csv
2025-03-12 11:50:21,116 - utils - INFO - Created checksum 378158d9306f413414bcbf447aa64ece for data/processed/exiobase_3.8_clean.csv
2025-03-12 11:50:21,116 - extractors.exiobase_extractor - INFO - Cleaned dataset has 1029 rows
2025-03-12 11:50:21,120 - extractors.exiobase_extractor - INFO - EXIOBASE extraction and cleaning completed: data/processed/exiobase_3.8_clean.csv
2025-03-12 11:50:21,120 - __main__ - INFO - Completed exiobase_extractor in 0.65 seconds
2025-03-12 11:50:21,120 - __main__ - INFO - Successfully extracted and cleaned 9 datasets
2025-03-12 11:50:21,120 - __main__ - INFO - Starting harmonization process
2025-03-12 11:50:21,122 - utils - INFO - [HARMONIZATION] Loading datasets
2025-03-12 11:50:21,126 - harmonization.harmonizer - INFO - Loaded ipcc_efdb dataset with 190 rows
2025-03-12 11:50:21,130 - harmonization.harmonizer - INFO - Loaded ipcc dataset with 10 rows
2025-03-12 11:50:21,131 - harmonization.harmonizer - INFO - Loaded useeio dataset with 342 rows
2025-03-12 11:50:21,132 - harmonization.harmonizer - INFO - Loaded ipcc_ar6 dataset with 78 rows
2025-03-12 11:50:21,133 - harmonization.harmonizer - INFO - Loaded climate_trace dataset with 50 rows
2025-03-12 11:50:21,136 - harmonization.harmonizer - INFO - Loaded agribalyse dataset with 2792 rows
2025-03-12 11:50:21,138 - harmonization.harmonizer - INFO - Loaded greet dataset with 233 rows
2025-03-12 11:50:21,140 - harmonization.harmonizer - INFO - Loaded openlca dataset with 960 rows
2025-03-12 11:50:21,142 - harmonization.harmonizer - INFO - Loaded exiobase dataset with 1029 rows
2025-03-12 11:50:21,142 - utils - INFO - [HARMONIZATION] Creating entity crosswalk
2025-03-12 11:50:21,198 - harmonization.harmonizer - INFO - Created entity crosswalk with 2160 matches
2025-03-12 11:50:21,198 - utils - INFO - [HARMONIZATION] Standardizing units
2025-03-12 11:50:21,199 - harmonization.harmonizer - INFO - Converting 342 values from kg CO2e to kg CO2e in useeio
2025-03-12 11:50:21,200 - harmonization.harmonizer - INFO - Converting 342 values from g CO2e to kg CO2e in useeio
2025-03-12 11:50:21,201 - harmonization.harmonizer - INFO - Keeping 78 ratio values as-is in ipcc_ar6
2025-03-12 11:50:21,201 - harmonization.harmonizer - INFO - Converting 50 values from kg CO2e to kg CO2e in climate_trace
2025-03-12 11:50:21,202 - harmonization.harmonizer - INFO - Converting 50 values from g CO2e to kg CO2e in climate_trace
2025-03-12 11:50:21,203 - harmonization.harmonizer - INFO - Converting 2792 values from kg CO2e to kg CO2e in agribalyse
2025-03-12 11:50:21,203 - harmonization.harmonizer - INFO - Converting 2792 values from g CO2e to kg CO2e in agribalyse
2025-03-12 11:50:21,205 - harmonization.harmonizer - INFO - Converting 233 values from g CO2e to kg CO2e in greet
2025-03-12 11:50:21,206 - harmonization.harmonizer - INFO - Converting 960 values from kg CO2e to kg CO2e in openlca
2025-03-12 11:50:21,206 - harmonization.harmonizer - INFO - Converting 960 values from g CO2e to kg CO2e in openlca
2025-03-12 11:50:21,207 - harmonization.harmonizer - INFO - Converting 1029 values from kg CO2e to kg CO2e in exiobase
2025-03-12 11:50:21,208 - harmonization.harmonizer - INFO - Converting 1029 values from g CO2e to kg CO2e in exiobase
2025-03-12 11:50:21,209 - utils - INFO - [HARMONIZATION] Applying regional multipliers
2025-03-12 11:50:21,213 - harmonization.harmonizer - INFO - Applied regional multipliers to 0 records in ipcc_efdb
2025-03-12 11:50:21,213 - harmonization.harmonizer - INFO - Applied regional multipliers to 0 records in ipcc
2025-03-12 11:50:21,218 - harmonization.harmonizer - INFO - Applied regional multipliers to 0 records in useeio
2025-03-12 11:50:21,219 - harmonization.harmonizer - INFO - Applied regional multipliers to 0 records in climate_trace
2025-03-12 11:50:21,258 - harmonization.harmonizer - INFO - Applied regional multipliers to 0 records in agribalyse
2025-03-12 11:50:21,261 - harmonization.harmonizer - INFO - Applied regional multipliers to 0 records in greet
2025-03-12 11:50:21,275 - harmonization.harmonizer - INFO - Applied regional multipliers to 0 records in openlca
2025-03-12 11:50:21,289 - harmonization.harmonizer - INFO - Applied regional multipliers to 0 records in exiobase
2025-03-12 11:50:21,289 - utils - INFO - [HARMONIZATION] Merging datasets
2025-03-12 11:50:21,299 - harmonization.harmonizer - INFO - Merged 9 datasets into a single dataset with 5684 records
2025-03-12 11:50:21,299 - utils - INFO - [HARMONIZATION] Generating metadata
2025-03-12 11:50:21,315 - utils - INFO - Saved DataFrame with 5684 rows to data/processed/harmonized_global_ef_dataset.csv
2025-03-12 11:50:21,333 - utils - INFO - Created checksum 622fd008ccf271377515ffa1625d764e for data/processed/harmonized_global_ef_dataset.csv
2025-03-12 11:50:21,333 - harmonization.harmonizer - INFO - Harmonized dataset saved to data/processed/harmonized_global_ef_dataset.csv
2025-03-12 11:50:21,333 - harmonization.harmonizer - INFO - Metadata saved to data/processed/harmonized_global_ef_dataset_metadata.json
2025-03-12 11:50:21,334 - __main__ - INFO - Harmonization completed: data/processed/harmonized_global_ef_dataset.csv
2025-03-12 11:50:21,334 - __main__ - INFO - Generating summary report
2025-03-12 11:50:21,343 - __main__ - INFO - Summary report generated: data/processed/harmonized_dataset_summary.txt
2025-03-12 11:50:21,343 - __main__ - INFO - Data extraction and processing completed successfully
2025-03-12 11:50:21,343 - __main__ - INFO - Harmonized dataset: data/processed/harmonized_global_ef_dataset.csv
2025-03-12 11:50:21,343 - __main__ - INFO - Summary report: data/processed/harmonized_dataset_summary.txt
