2025-03-12 09:38:31,917 - __main__ - INFO - Starting Adaptive Global LCA Advisor data extraction and processing
2025-03-12 09:38:31,917 - __main__ - INFO - Starting extraction process for all datasets
2025-03-12 09:38:31,917 - __main__ - INFO - Found 7 extractor modules: ipcc_extractor, useeio_extractor, ipcc_ar6_extractor, climate_trace_extractor, agribalyse_extractor, openlca_extractor, exiobase_extractor
2025-03-12 09:38:31,918 - __main__ - INFO - Running extractor: ipcc_extractor
2025-03-12 09:38:31,946 - utils - INFO - [IPCC] Getting report links
2025-03-12 09:38:33,287 - extractors.ipcc_extractor - WARNING - No report links found, using predefined multipliers only
2025-03-12 09:38:33,288 - utils - INFO - [IPCC] Extracting predefined multipliers
2025-03-12 09:38:33,288 - utils - INFO - [IPCC] Combining multipliers
2025-03-12 09:38:33,290 - utils - INFO - [IPCC] Cleaning dataset
2025-03-12 09:38:33,292 - utils - INFO - Saved DataFrame with 10 rows to data/processed/ipcc_ar6_multipliers.csv
2025-03-12 09:38:33,294 - utils - INFO - Created checksum c2c462845ee58b76315beedbd313697a for data/processed/ipcc_ar6_multipliers.csv
2025-03-12 09:38:33,294 - extractors.ipcc_extractor - INFO - Cleaned dataset has 10 rows
2025-03-12 09:38:33,294 - extractors.ipcc_extractor - INFO - IPCC AR6 extraction and cleaning completed: data/processed/ipcc_ar6_multipliers.csv
2025-03-12 09:38:33,294 - __main__ - INFO - Completed ipcc_extractor in 1.38 seconds
2025-03-12 09:38:33,294 - __main__ - INFO - Running extractor: useeio_extractor
2025-03-12 09:38:33,343 - utils - INFO - [USEEIO] Cloning repository
2025-03-12 09:38:33,343 - extractors.useeio_extractor - INFO - USEEIO repository already exists at data/raw/useeio
2025-03-12 09:38:33,551 - extractors.useeio_extractor - INFO - Pulled latest changes from repository
2025-03-12 09:38:33,551 - utils - INFO - [USEEIO] Finding relevant files
2025-03-12 09:38:33,551 - extractors.useeio_extractor - INFO - Found alternative relevant file: data/raw/useeio/import_emission_factors/output/US_detail_import_factors_exiobase_2019_17sch.csv
2025-03-12 09:38:33,551 - extractors.useeio_extractor - INFO - Found alternative relevant file: data/raw/useeio/import_emission_factors/output/US_summary_import_factors_exiobase_2019_17sch.csv
2025-03-12 09:38:33,551 - extractors.useeio_extractor - INFO - Found alternative relevant file: data/raw/useeio/import_emission_factors/output/Regional_summary_import_factors_exiobase_2019_17sch.csv
2025-03-12 09:38:33,551 - extractors.useeio_extractor - INFO - Found alternative relevant file: data/raw/useeio/import_emission_factors/output/Regional_detail_import_factors_exiobase_2019_17sch.csv
2025-03-12 09:38:33,553 - utils - INFO - [USEEIO] Reading and merging files
2025-03-12 09:38:33,556 - extractors.useeio_extractor - INFO - Read file data/raw/useeio/import_emission_factors/output/US_detail_import_factors_exiobase_2019_17sch.csv with 1490 rows
2025-03-12 09:38:33,556 - extractors.useeio_extractor - INFO - Read file data/raw/useeio/import_emission_factors/output/US_summary_import_factors_exiobase_2019_17sch.csv with 220 rows
2025-03-12 09:38:33,558 - extractors.useeio_extractor - INFO - Read file data/raw/useeio/import_emission_factors/output/Regional_summary_import_factors_exiobase_2019_17sch.csv with 1515 rows
2025-03-12 09:38:33,565 - extractors.useeio_extractor - INFO - Read file data/raw/useeio/import_emission_factors/output/Regional_detail_import_factors_exiobase_2019_17sch.csv with 10405 rows
2025-03-12 09:38:33,594 - utils - INFO - [USEEIO] Converting to standard format
2025-03-12 09:38:33,594 - extractors.useeio_extractor - WARNING - Could not identify all required columns, using placeholders
2025-03-12 09:38:33,597 - utils - INFO - [USEEIO] Cleaning dataset
2025-03-12 09:38:33,607 - extractors.useeio_extractor - INFO - Detected 0 outliers in emission factor values
2025-03-12 09:38:33,609 - utils - INFO - Saved DataFrame with 342 rows to data/processed/useeio_v2.1_clean.csv
2025-03-12 09:38:33,612 - utils - INFO - Created checksum b062e3728ec81dde33b0cea27eef8115 for data/processed/useeio_v2.1_clean.csv
2025-03-12 09:38:33,612 - extractors.useeio_extractor - INFO - Cleaned dataset has 342 rows
2025-03-12 09:38:33,612 - extractors.useeio_extractor - INFO - USEEIO extraction and cleaning completed: data/processed/useeio_v2.1_clean.csv
2025-03-12 09:38:33,612 - __main__ - INFO - Completed useeio_extractor in 0.32 seconds
2025-03-12 09:38:33,612 - __main__ - INFO - Running extractor: ipcc_ar6_extractor
2025-03-12 09:38:33,613 - utils - INFO - [IPCC_AR6] Downloading data
2025-03-12 09:38:33,613 - extractors.ipcc_ar6_extractor - INFO - Using existing IPCC AR6 data from data/raw/ipcc_ar6_raw.json
2025-03-12 09:38:33,613 - utils - INFO - [IPCC_AR6] Processing data
2025-03-12 09:38:33,614 - extractors.ipcc_ar6_extractor - INFO - Processed 78 IPCC AR6 multipliers
2025-03-12 09:38:33,614 - utils - INFO - [IPCC_AR6] Converting to standard format
2025-03-12 09:38:33,615 - utils - INFO - [IPCC_AR6] Cleaning dataset
2025-03-12 09:38:33,616 - extractors.ipcc_ar6_extractor - INFO - Detected 0 outliers in multiplier values
2025-03-12 09:38:33,618 - utils - INFO - Saved DataFrame with 78 rows to data/processed/ipcc_ar6_clean.csv
2025-03-12 09:38:33,620 - utils - INFO - Created checksum 0721184fe8bed5144568883a30a38be2 for data/processed/ipcc_ar6_clean.csv
2025-03-12 09:38:33,620 - extractors.ipcc_ar6_extractor - INFO - Cleaned dataset has 78 rows
2025-03-12 09:38:33,620 - extractors.ipcc_ar6_extractor - INFO - IPCC AR6 extraction and cleaning completed: data/processed/ipcc_ar6_clean.csv
2025-03-12 09:38:33,621 - __main__ - INFO - Completed ipcc_ar6_extractor in 0.01 seconds
2025-03-12 09:38:33,621 - __main__ - INFO - Running extractor: climate_trace_extractor
2025-03-12 09:38:33,621 - utils - INFO - [CLIMATE_TRACE] Fetching all data
2025-03-12 09:38:33,621 - extractors.climate_trace_extractor - INFO - Using existing Climate TRACE data from data/raw/climate_trace_latest.json
2025-03-12 09:38:33,621 - utils - INFO - [CLIMATE_TRACE] Processing emissions data
2025-03-12 09:38:33,622 - extractors.climate_trace_extractor - INFO - Processed 50 emission records from Climate TRACE
2025-03-12 09:38:33,622 - utils - INFO - [CLIMATE_TRACE] Converting to EF format
2025-03-12 09:38:33,626 - utils - INFO - [CLIMATE_TRACE] Cleaning dataset
2025-03-12 09:38:33,626 - extractors.climate_trace_extractor - INFO - Detected 0 outliers in emission factor values
2025-03-12 09:38:33,627 - utils - INFO - Saved DataFrame with 50 rows to data/processed/climate_trace_clean.csv
2025-03-12 09:38:33,630 - utils - INFO - Created checksum c3832956bd0ca78631b66f3a085b3dc9 for data/processed/climate_trace_clean.csv
2025-03-12 09:38:33,630 - extractors.climate_trace_extractor - INFO - Cleaned dataset has 50 rows
2025-03-12 09:38:33,630 - extractors.climate_trace_extractor - INFO - Climate TRACE extraction and cleaning completed: data/processed/climate_trace_clean.csv
2025-03-12 09:38:33,630 - __main__ - INFO - Completed climate_trace_extractor in 0.01 seconds
2025-03-12 09:38:33,630 - __main__ - INFO - Running extractor: agribalyse_extractor
2025-03-12 09:38:33,630 - utils - INFO - [AGRIBALYSE] Downloading dataset
2025-03-12 09:38:33,630 - extractors.agribalyse_extractor - INFO - Agribalyse dataset already exists at data/raw/agribalyse_3.1_raw.csv
2025-03-12 09:38:33,630 - utils - INFO - [AGRIBALYSE] Validating dataset
2025-03-12 09:38:33,631 - extractors.agribalyse_extractor - INFO - Successfully read file with encoding: utf-8
2025-03-12 09:38:33,631 - extractors.agribalyse_extractor - INFO - Found columns: LCI_Name, ProductName, PEF_categoria, Climate_change_-_total, Unit, DQR
2025-03-12 09:38:33,631 - extractors.agribalyse_extractor - INFO - Agribalyse dataset validation successful
2025-03-12 09:38:33,631 - utils - INFO - [AGRIBALYSE] Cleaning dataset
2025-03-12 09:38:33,631 - extractors.agribalyse_extractor - INFO - Successfully read file with encoding: utf-8
2025-03-12 09:38:33,631 - extractors.agribalyse_extractor - INFO - Raw dataset has 20 rows and 6 columns
2025-03-12 09:38:33,631 - extractors.agribalyse_extractor - INFO - Columns: LCI_Name, ProductName, PEF_categoria, Climate_change_-_total, Unit, DQR
2025-03-12 09:38:33,632 - extractors.agribalyse_extractor - INFO - Using column 'LCI_Name' as product name
2025-03-12 09:38:33,632 - extractors.agribalyse_extractor - INFO - Using column 'LCI_Name' as product ID
2025-03-12 09:38:33,632 - extractors.agribalyse_extractor - INFO - Using column 'PEF_categoria' as product category
2025-03-12 09:38:33,632 - extractors.agribalyse_extractor - INFO - Using column 'DQR' as data quality
2025-03-12 09:38:33,632 - extractors.agribalyse_extractor - INFO - Using column 'Unit' as unit
2025-03-12 09:38:33,632 - extractors.agribalyse_extractor - INFO - Using column 'Climate_change_-_total' as emission factor
2025-03-12 09:38:33,634 - extractors.agribalyse_extractor - INFO - Detected 0 outliers in emission factor values
2025-03-12 09:38:33,634 - utils - INFO - Saved DataFrame with 20 rows to data/processed/agribalyse_3.1_clean.csv
2025-03-12 09:38:33,635 - utils - INFO - Created checksum 869f5b3d3de56549d3204b52d904fdf6 for data/processed/agribalyse_3.1_clean.csv
2025-03-12 09:38:33,635 - extractors.agribalyse_extractor - INFO - Cleaned dataset has 20 rows
2025-03-12 09:38:33,635 - extractors.agribalyse_extractor - INFO - Agribalyse extraction and cleaning completed: data/processed/agribalyse_3.1_clean.csv
2025-03-12 09:38:33,635 - __main__ - INFO - Completed agribalyse_extractor in 0.01 seconds
2025-03-12 09:38:33,635 - __main__ - INFO - Running extractor: openlca_extractor
2025-03-12 09:38:33,638 - utils - INFO - [OPENLCA] Getting database links
2025-03-12 09:38:33,935 - extractors.openlca_extractor - WARNING - No database links found on OpenLCA Nexus website
2025-03-12 09:38:33,935 - extractors.openlca_extractor - WARNING - No real data obtained, using simulated data
2025-03-12 09:38:33,935 - utils - INFO - [OPENLCA] Creating simulated dataset
2025-03-12 09:38:33,940 - extractors.openlca_extractor - INFO - Created simulated dataset with 960 records
2025-03-12 09:38:33,940 - utils - INFO - [OPENLCA] Converting to standard format
2025-03-12 09:38:33,948 - extractors.openlca_extractor - INFO - Converted to standard format with 960 records
2025-03-12 09:38:33,948 - utils - INFO - [OPENLCA] Cleaning dataset
2025-03-12 09:38:33,950 - extractors.openlca_extractor - INFO - Detected 27 outliers in emission factor values
2025-03-12 09:38:33,960 - utils - INFO - Saved DataFrame with 960 rows to data/processed/openlca_clean.csv
2025-03-12 09:38:33,993 - utils - INFO - Created checksum 1be1e04754f87e83c4916993b822f5f8 for data/processed/openlca_clean.csv
2025-03-12 09:38:33,993 - extractors.openlca_extractor - INFO - Cleaned dataset has 960 rows
2025-03-12 09:38:33,993 - extractors.openlca_extractor - INFO - OpenLCA extraction and cleaning completed: data/processed/openlca_clean.csv
2025-03-12 09:38:33,993 - __main__ - INFO - Completed openlca_extractor in 0.36 seconds
2025-03-12 09:38:33,993 - __main__ - INFO - Running extractor: exiobase_extractor
2025-03-12 09:38:33,994 - utils - INFO - [EXIOBASE] Downloading dataset
2025-03-12 09:38:33,994 - extractors.exiobase_extractor - INFO - Attempting to download from: https://zenodo.org/records/5589597/files/EXIOBASE_3_8_2_2022_env.zip
2025-03-12 09:38:34,498 - extractors.exiobase_extractor - WARNING - Failed to download EXIOBASE: URL returned HTML or invalid response
2025-03-12 09:38:34,498 - utils - INFO - [EXIOBASE] Creating simulated dataset
2025-03-12 09:38:34,504 - extractors.exiobase_extractor - INFO - Created simulated EXIOBASE dataset with 1029 entries
2025-03-12 09:38:34,505 - utils - INFO - [EXIOBASE] Extracting files
2025-03-12 09:38:34,505 - extractors.exiobase_extractor - INFO - EXIOBASE files already extracted to data/raw/exiobase_3.8
2025-03-12 09:38:34,505 - utils - INFO - [EXIOBASE] Finding emission tables
2025-03-12 09:38:34,505 - extractors.exiobase_extractor - INFO - Found emission table: data/raw/exiobase_3.8/emissions_by_country_product.csv
2025-03-12 09:38:34,505 - utils - INFO - [EXIOBASE] Parsing emission tables
2025-03-12 09:38:34,512 - extractors.exiobase_extractor - INFO - Parsed table data/raw/exiobase_3.8/emissions_by_country_product.csv with 1029 rows
2025-03-12 09:38:34,514 - utils - INFO - [EXIOBASE] Extracting emission factors
2025-03-12 09:38:34,514 - extractors.exiobase_extractor - INFO - Using column 'CO2_Emissions' for emission factors
2025-03-12 09:38:34,516 - utils - INFO - [EXIOBASE] Standardizing country codes
2025-03-12 09:38:34,518 - utils - INFO - [EXIOBASE] Cleaning dataset
2025-03-12 09:38:34,520 - extractors.exiobase_extractor - INFO - Detected 22 outliers in emission factor values
2025-03-12 09:38:34,524 - utils - INFO - Saved DataFrame with 1029 rows to data/processed/exiobase_3.8_clean.csv
2025-03-12 09:38:34,532 - utils - INFO - Created checksum 16832063ed4fdcaa189c4510a11190a8 for data/processed/exiobase_3.8_clean.csv
2025-03-12 09:38:34,532 - extractors.exiobase_extractor - INFO - Cleaned dataset has 1029 rows
2025-03-12 09:38:34,532 - extractors.exiobase_extractor - INFO - EXIOBASE extraction and cleaning completed: data/processed/exiobase_3.8_clean.csv
2025-03-12 09:38:34,532 - __main__ - INFO - Completed exiobase_extractor in 0.54 seconds
2025-03-12 09:38:34,532 - __main__ - INFO - Successfully extracted and cleaned 7 datasets
2025-03-12 09:38:34,532 - __main__ - INFO - Starting harmonization process
2025-03-12 09:38:34,536 - utils - INFO - [HARMONIZATION] Loading datasets
2025-03-12 09:38:34,537 - harmonization.harmonizer - INFO - Loaded ipcc dataset with 10 rows
2025-03-12 09:38:34,538 - harmonization.harmonizer - INFO - Loaded useeio dataset with 342 rows
2025-03-12 09:38:34,539 - harmonization.harmonizer - INFO - Loaded ipcc_ar6 dataset with 78 rows
2025-03-12 09:38:34,539 - harmonization.harmonizer - INFO - Loaded climate_trace dataset with 50 rows
2025-03-12 09:38:34,540 - harmonization.harmonizer - INFO - Loaded agribalyse dataset with 20 rows
2025-03-12 09:38:34,543 - harmonization.harmonizer - INFO - Loaded openlca dataset with 960 rows
2025-03-12 09:38:34,544 - harmonization.harmonizer - INFO - Loaded exiobase dataset with 1029 rows
2025-03-12 09:38:34,544 - utils - INFO - [HARMONIZATION] Creating entity crosswalk
2025-03-12 09:38:34,591 - harmonization.harmonizer - INFO - Created entity crosswalk with 1989 matches
2025-03-12 09:38:34,591 - utils - INFO - [HARMONIZATION] Standardizing units
2025-03-12 09:38:34,592 - harmonization.harmonizer - INFO - Converting 342 values from kg CO2e to kg CO2e in useeio
2025-03-12 09:38:34,592 - harmonization.harmonizer - INFO - Converting 342 values from g CO2e to kg CO2e in useeio
2025-03-12 09:38:34,594 - harmonization.harmonizer - INFO - Keeping 78 ratio values as-is in ipcc_ar6
2025-03-12 09:38:34,594 - harmonization.harmonizer - INFO - Converting 50 values from kg CO2e to kg CO2e in climate_trace
2025-03-12 09:38:34,595 - harmonization.harmonizer - INFO - Converting 50 values from g CO2e to kg CO2e in climate_trace
2025-03-12 09:38:34,595 - harmonization.harmonizer - INFO - Converting 20 values from kg CO2e to kg CO2e in agribalyse
2025-03-12 09:38:34,595 - harmonization.harmonizer - INFO - Converting 20 values from g CO2e to kg CO2e in agribalyse
2025-03-12 09:38:34,596 - harmonization.harmonizer - INFO - Converting 960 values from kg CO2e to kg CO2e in openlca
2025-03-12 09:38:34,596 - harmonization.harmonizer - INFO - Converting 960 values from g CO2e to kg CO2e in openlca
2025-03-12 09:38:34,597 - harmonization.harmonizer - INFO - Converting 1029 values from kg CO2e to kg CO2e in exiobase
2025-03-12 09:38:34,598 - harmonization.harmonizer - INFO - Converting 1029 values from g CO2e to kg CO2e in exiobase
2025-03-12 09:38:34,599 - utils - INFO - [HARMONIZATION] Applying regional multipliers
2025-03-12 09:38:34,600 - harmonization.harmonizer - INFO - Applied regional multipliers to 0 records in ipcc
2025-03-12 09:38:34,606 - harmonization.harmonizer - INFO - Applied regional multipliers to 0 records in useeio
2025-03-12 09:38:34,607 - harmonization.harmonizer - INFO - Applied regional multipliers to 0 records in climate_trace
2025-03-12 09:38:34,608 - harmonization.harmonizer - INFO - Applied regional multipliers to 0 records in agribalyse
2025-03-12 09:38:34,622 - harmonization.harmonizer - INFO - Applied regional multipliers to 0 records in openlca
2025-03-12 09:38:34,637 - harmonization.harmonizer - INFO - Applied regional multipliers to 0 records in exiobase
2025-03-12 09:38:34,637 - utils - INFO - [HARMONIZATION] Merging datasets
2025-03-12 09:38:34,642 - harmonization.harmonizer - INFO - Merged 7 datasets into a single dataset with 2489 records
2025-03-12 09:38:34,642 - utils - INFO - [HARMONIZATION] Generating metadata
2025-03-12 09:38:34,650 - utils - INFO - Saved DataFrame with 2489 rows to data/processed/harmonized_global_ef_dataset.csv
2025-03-12 09:38:34,667 - utils - INFO - Created checksum fbfc4a3f87e7b709fbecf2e87c8a25b4 for data/processed/harmonized_global_ef_dataset.csv
2025-03-12 09:38:34,667 - harmonization.harmonizer - INFO - Harmonized dataset saved to data/processed/harmonized_global_ef_dataset.csv
2025-03-12 09:38:34,667 - harmonization.harmonizer - INFO - Metadata saved to data/processed/harmonized_global_ef_dataset_metadata.json
2025-03-12 09:38:34,668 - __main__ - INFO - Harmonization completed: data/processed/harmonized_global_ef_dataset.csv
2025-03-12 09:38:34,668 - __main__ - INFO - Generating summary report
2025-03-12 09:38:34,673 - __main__ - INFO - Summary report generated: data/processed/harmonized_dataset_summary.txt
2025-03-12 09:38:34,673 - __main__ - INFO - Data extraction and processing completed successfully
2025-03-12 09:38:34,673 - __main__ - INFO - Harmonized dataset: data/processed/harmonized_global_ef_dataset.csv
2025-03-12 09:38:34,673 - __main__ - INFO - Summary report: data/processed/harmonized_dataset_summary.txt
